
~~~~~~~~~~~~~~~~~~~~~~~~~~~~~~~~~~~~~~~~~~~~~~~~
@poi
training on: poi-1.5.csv, poi-2.0.csv, poi-2.5.csv
testing on: poi-3.0.csv

	...................... Dist2Heave ......................
		#### Performance for all FFT generated. ####
		-------------------------------------------------------
		ID       MCU     PRE     REC     SPEC    NPV     ACC     F1
		0        2.0     0.5     1.0     0.1     0.9     0.9     0.5     0.7
		1        2.0     0.5     1.0     0.1     0.9     1.0     0.5     0.6
		2        2.0     0.5     0.9     0.3     0.7     0.8     0.6     0.7
		3        2.0     0.5     0.9     0.3     0.7     0.8     0.6     0.7
		4        2.0     0.6     0.8     0.5     0.5     0.7     0.6     0.7
		5        2.0     0.5     0.8     0.5     0.5     0.8     0.6     0.6
		6        2.0     0.6     0.6     0.6     0.4     0.7     0.6     0.6
		7        2.0     0.6     0.7     0.6     0.4     0.7     0.6     0.6
		8        2.0     0.6     0.6     0.7     0.3     0.6     0.6     0.6
		9        2.2     0.6     0.6     0.6     0.4     0.7     0.6     0.6
		10       2.0     0.6     0.5     0.7     0.3     0.6     0.6     0.5
		11       2.3     0.6     0.5     0.7     0.3     0.6     0.6     0.5
		12       2.0     0.7     0.3     0.9     0.1     0.6     0.6     0.4
		13       2.0     0.6     0.3     0.9     0.1     0.6     0.6     0.4
		14       2.0     0.7     0.1     1.0     0.0     0.6     0.6     0.2
		15       2.0     0.6     0.1     0.9     0.1     0.6     0.6     0.2
		-------------------------------------------------------

		The selected FFT id is :8
		The selected FFT constructed as the following tree: 
		wmc < 11.0      --> 'Good'              Correct Rej: 282, Miss: 140
		| lcom > 61.5   --> 'Bug!'              False Alarm: 99, Hit: 158
		| | ce > 3.0    --> 'Bug!'              False Alarm: 41, Hit: 60
		| | | mfa > 0.55        --> 'Bug!'      False Alarm: 29, Hit: 33
		| | | mfa < 0.55        --> 'Good'      Correct Rej: 45, Miss: 49

		#### Performance of the best FFT ####
		=======================================
		TP      FP      TN      FN    
		502     338     654     378   
		MCU     PRE     REC     SPEC    FPR     NPV     ACC     F1    
		4.0     0.6     0.6     0.7     0.3     0.6     0.6     0.6   

		#### Performance of the State-Of-The-Art Models ####
		=======================================
		SL      0.8     0.5     0.7     0.3     0.5     0.6     0.6   
		NB      0.9     0.2     1.0     0.0     0.4     0.5     0.3   
		EM      1.0     0.0     1.0     0.0     0.4     0.4     0.0   
		SMO     0.7     0.9     0.4     0.6     0.6     0.7     0.8   


	...................... Accuracy ......................
		#### Performance for all FFT generated. ####
		-------------------------------------------------------
		ID       MCU     PRE     REC     SPEC    NPV     ACC     F1
		0        1.9     0.5     0.9     0.3     0.7     0.9     0.6     0.7
		1        2.1     0.5     1.0     0.1     0.9     0.9     0.5     0.6
		2        2.0     0.5     0.9     0.3     0.7     0.7     0.6     0.7
		3        2.0     0.5     0.9     0.3     0.7     0.8     0.6     0.7
		4        1.8     0.6     0.7     0.5     0.5     0.7     0.6     0.6
		5        2.2     0.5     0.8     0.4     0.6     0.7     0.6     0.6
		6        2.1     0.6     0.7     0.6     0.4     0.7     0.6     0.6
		7        2.0     0.6     0.7     0.5     0.5     0.7     0.6     0.6
		8        2.2     0.6     0.5     0.7     0.3     0.6     0.6     0.5
		9        2.2     0.6     0.7     0.6     0.4     0.7     0.6     0.6
		10       2.0     0.6     0.5     0.7     0.3     0.6     0.6     0.5
		11       2.1     0.6     0.6     0.6     0.4     0.7     0.6     0.6
		12       2.1     0.6     0.4     0.8     0.2     0.6     0.6     0.5
		13       2.2     0.6     0.6     0.7     0.3     0.6     0.6     0.6
		14       2.4     0.6     0.3     0.9     0.1     0.6     0.6     0.4
		15       2.4     0.6     0.5     0.7     0.3     0.6     0.6     0.6
		-------------------------------------------------------

		The selected FFT id is :13
		The selected FFT constructed as the following tree: 
		wmc < 11.0      --> 'Good'              Correct Rej: 282, Miss: 140
		| dit < 2.0     --> 'Good'              Correct Rej: 60, Miss: 51
		| | wmc > 15.0  --> 'Bug!'      False Alarm: 71, Hit: 122
		| | | moa > 0.0 --> 'Good'      Correct Rej: 8, Miss: 1
		| | | moa < 0.0 --> 'Bug!'      False Alarm: 97, Hit: 113

		#### Performance of the best FFT ####
		=======================================
		TP      FP      TN      FN    
		470     336     700     384   
		MCU     PRE     REC     SPEC    FPR     NPV     ACC     F1    
		4.5     0.6     0.6     0.7     0.3     0.6     0.6     0.6   

		#### Performance of the State-Of-The-Art Models ####
		=======================================
		SL      0.8     0.6     0.7     0.3     0.5     0.6     0.7   
		NB      0.9     0.2     1.0     0.0     0.4     0.5     0.3   
		EM      1.0     0.0     1.0     0.0     0.4     0.4     0.0   
		SMO     0.7     0.9     0.4     0.6     0.6     0.7     0.8  

	...................... Gini ......................
		#### Performance for all FFT generated. ####
		-------------------------------------------------------
		ID       MCU     PRE     REC     SPEC    NPV     ACC     F1
		0        2.9     0.5     0.8     0.4     0.6     0.7     0.6     0.6
		1        2.5     0.5     1.0     0.0     1.0     0.0     0.5     0.6
		2        3.0     0.5     0.7     0.3     0.7     0.5     0.5     0.6
		3        2.9     0.5     1.0     0.0     1.0     0.0     0.5     0.6
		4        3.4     0.5     0.7     0.3     0.7     0.5     0.5     0.6
		5        3.4     0.5     1.0     0.0     1.0     0.0     0.5     0.6
		6        3.9     0.6     0.5     0.6     0.4     0.4     0.5     0.5
		7        3.7     0.5     1.0     0.0     1.0     0.0     0.5     0.6
		8        3.4     0.5     0.7     0.3     0.7     0.5     0.5     0.6
		9        3.4     0.5     1.0     0.0     1.0     0.0     0.5     0.6
		10       3.9     0.6     0.5     0.6     0.4     0.4     0.5     0.5
		11       3.7     0.5     1.0     0.0     1.0     0.0     0.5     0.6
		12       3.9     0.6     0.5     0.6     0.4     0.4     0.5     0.5
		13       3.7     0.5     1.0     0.0     1.0     0.0     0.5     0.6
		14       2.2     0.7     0.0     1.0     0.0     0.5     0.5     0.1
		15       3.8     0.5     1.0     0.0     1.0     0.0     0.5     0.6
		-------------------------------------------------------

		The selected FFT id is :0
		The selected FFT constructed as the following tree: 
		ic > 1.0        --> 'Bug!'              False Alarm: 4, Hit: 9
		| wmc > 11.0    --> 'Bug!'              False Alarm: 173, Hit: 232
		| | wmc > 7.0   --> 'Bug!'              False Alarm: 125, Hit: 108
		| | | noc > 0.0 --> 'Bug!'      False Alarm: 14, Hit: 10
		| | | noc < 0.0 --> 'Good'      Correct Rej: 208, Miss: 77

		#### Performance of the best FFT ####
		=======================================
		TP      FP      TN      FN    
		718     632     416     154   
		MCU     PRE     REC     SPEC    FPR     NPV     ACC     F1    
		5.9     0.5     0.8     0.4     0.6     0.7     0.6     0.6   

		#### Performance of the State-Of-The-Art Models ####
		=======================================
		SL      0.8     0.6     0.7     0.3     0.5     0.6     0.7   
		NB      0.9     0.2     1.0     0.0     0.4     0.5     0.3   
		EM      1.0     0.0     1.0     0.0     0.4     0.4     0.0   
		SMO     0.7     0.9     0.4     0.6     0.6     0.7     0.8   


	...................... InfoGain ......................
		#### Performance for all FFT generated. ####
		-------------------------------------------------------
		ID       MCU     PRE     REC     SPEC    NPV     ACC     F1
		0        3.8     0.0     0.0     1.0     0.0     0.5     0.5     0.0
		1        3.8     0.5     1.0     0.0     1.0     0.0     0.5     0.6
		2        3.8     0.0     0.0     1.0     0.0     0.5     0.5     0.0
		3        3.8     0.5     1.0     0.0     1.0     0.0     0.5     0.6
		4        3.8     0.0     0.0     1.0     0.0     0.5     0.5     0.0
		5        3.8     0.5     1.0     0.0     1.0     0.0     0.5     0.6
		6        3.8     0.0     0.0     1.0     0.0     0.5     0.5     0.0
		7        3.8     0.5     1.0     0.0     1.0     0.0     0.5     0.6
		8        3.8     0.0     0.0     1.0     0.0     0.5     0.5     0.0
		9        3.8     0.5     1.0     0.0     1.0     0.0     0.5     0.6
		10       3.8     0.0     0.0     1.0     0.0     0.5     0.5     0.0
		11       3.8     0.5     1.0     0.0     1.0     0.0     0.5     0.6
		12       3.8     0.0     0.0     1.0     0.0     0.5     0.5     0.0
		13       3.8     0.5     1.0     0.0     1.0     0.0     0.5     0.6
		14       3.8     0.0     0.0     1.0     0.0     0.5     0.5     0.0
		15       3.8     0.5     1.0     0.0     1.0     0.0     0.5     0.6
		-------------------------------------------------------

		The selected FFT id is :0
		The selected FFT constructed as the following tree: 
		noc < 0.0       --> 'Bug!'              False Alarm: 0, Hit: 0
		| noc < 0.0     --> 'Bug!'              False Alarm: 0, Hit: 0
		| | noc < 0.0   --> 'Bug!'              False Alarm: 0, Hit: 0
		| | | noc < 0.0 --> 'Bug!'      False Alarm: 0, Hit: 0
		| | | noc > 0.0 --> 'Good'      Correct Rej: 480, Miss: 398

		#### Performance of the best FFT ####
		=======================================
		TP      FP      TN      FN    
		0       0       960     796   
		MCU     PRE     REC     SPEC    FPR     NPV     ACC     F1    
		7.5     0.0     0.0     1.0     0.0     0.5     0.5     0.0   

		#### Performance of the State-Of-The-Art Models ####
		=======================================
		SL      0.8     0.6     0.7     0.3     0.5     0.6     0.6   
		NB      0.9     0.2     1.0     0.0     0.4     0.5     0.3   
		EM      1.0     0.0     1.0     0.0     0.4     0.4     0.0   
		SMO     0.7     0.9     0.4     0.6     0.6     0.7     0.8   




~~~~~~~~~~~~~~~~~~~~~~~~~~~~~~~~~~~~~~~~~~~~~~~~
@lucene
training on: lucene-2.0.csv, lucene-2.2.csv
testing on: lucene-2.4.csv

	...................... Dist2Heave ......................
		#### Performance for all FFT generated. ####
		-------------------------------------------------------
		ID       MCU     PRE     REC     SPEC    NPV     ACC     F1
		0        2.0     0.6     1.0     0.2     0.8     0.8     0.6     0.7
		1        2.3     0.5     1.0     0.1     0.9     0.9     0.6     0.7
		2        2.0     0.6     0.9     0.4     0.6     0.7     0.6     0.7
		3        2.0     0.6     0.9     0.4     0.6     0.8     0.6     0.7
		4        2.0     0.6     0.8     0.5     0.5     0.7     0.6     0.7
		5        2.0     0.6     0.8     0.5     0.5     0.7     0.6     0.7
		6        2.0     0.7     0.6     0.6     0.4     0.6     0.6     0.7
		7        1.9     0.6     0.7     0.6     0.4     0.7     0.6     0.7
		8        2.0     0.7     0.6     0.7     0.3     0.6     0.6     0.6
		9        1.9     0.7     0.6     0.7     0.3     0.6     0.6     0.6
		10       2.0     0.7     0.5     0.8     0.2     0.6     0.6     0.6
		11       2.0     0.7     0.5     0.8     0.2     0.6     0.6     0.6
		12       2.2     0.9     0.3     0.9     0.1     0.5     0.6     0.4
		13       2.1     0.8     0.4     0.9     0.1     0.6     0.6     0.5
		14       2.0     1.0     0.1     1.0     0.0     0.5     0.5     0.3
		15       1.9     0.8     0.1     1.0     0.0     0.5     0.5     0.2
		-------------------------------------------------------

		The selected FFT id is :8
		The selected FFT constructed as the following tree: 
		wmc < 7.0       --> 'Good'              Correct Rej: 127, Miss: 80
		| lcom3 > 0.625 --> 'Bug!'      False Alarm: 29, Hit: 87
		| | cbo > 6.0   --> 'Bug!'              False Alarm: 19, Hit: 40
		| | | wmc < 10.0        --> 'Bug!'      False Alarm: 13, Hit: 16
		| | | wmc > 10.0        --> 'Good'      Correct Rej: 17, Miss: 22

		#### Performance of the best FFT ####
		=======================================
		TP      FP      TN      FN    
		286     122     288     204   
		MCU     PRE     REC     SPEC    FPR     NPV     ACC     F1    
		4.0     0.7     0.6     0.7     0.3     0.6     0.6     0.6   

		#### Performance of the State-Of-The-Art Models ####
		=======================================
		SL      0.7     0.6     0.6     0.4     0.5     0.6     0.6   
		NB      0.8     0.4     0.9     0.1     0.5     0.6     0.5   
		EM      0.0     0.0     1.0     0.0     0.4     0.4     0.0   
		SMO     0.0     0.0     1.0     0.0     0.4     0.4     0.0   


	...................... Accuracy ......................
		#### Performance for all FFT generated. ####
		-------------------------------------------------------
		ID       MCU     PRE     REC     SPEC    NPV     ACC     F1
		0        1.6     0.6     0.8     0.4     0.6     0.6     0.6     0.7
		1        2.4     0.5     0.9     0.3     0.7     0.7     0.6     0.7
		2        2.0     0.6     0.8     0.4     0.6     0.6     0.6     0.7
		3        2.3     0.6     0.8     0.4     0.6     0.7     0.6     0.7
		4        2.0     0.6     0.7     0.5     0.5     0.6     0.6     0.7
		5        2.0     0.6     0.8     0.4     0.6     0.6     0.6     0.7
		6        2.0     0.7     0.7     0.6     0.4     0.6     0.6     0.7
		7        2.1     0.6     0.7     0.6     0.4     0.6     0.6     0.7
		8        1.8     0.7     0.5     0.8     0.3     0.6     0.6     0.6
		9        2.2     0.7     0.6     0.6     0.4     0.6     0.6     0.6
		10       2.0     0.7     0.5     0.8     0.2     0.6     0.6     0.6
		11       2.1     0.7     0.5     0.7     0.3     0.6     0.6     0.6
		12       2.2     0.8     0.5     0.8     0.2     0.6     0.6     0.6
		13       2.3     0.7     0.5     0.8     0.2     0.6     0.6     0.6
		14       2.5     0.8     0.3     0.9     0.1     0.5     0.6     0.4
		15       1.6     0.7     0.4     0.8     0.2     0.6     0.6     0.5
		-------------------------------------------------------

		The selected FFT id is :6
		The selected FFT constructed as the following tree: 
		wmc > 7.0       --> 'Bug!'              False Alarm: 65, Hit: 137
		| cbo < 5.0     --> 'Good'              Correct Rej: 72, Miss: 38
		| | cbo > 8.0   --> 'Good'              Correct Rej: 32, Miss: 20
		| | | wmc > 5.0 --> 'Bug!'      False Alarm: 10, Hit: 18
		| | | wmc < 5.0 --> 'Good'      Correct Rej: 19, Miss: 25

		#### Performance of the best FFT ####
		=======================================
		TP      FP      TN      FN    
		310     150     246     166   
		MCU     PRE     REC     SPEC    FPR     NPV     ACC     F1    
		3.9     0.7     0.7     0.6     0.4     0.6     0.6     0.7   

		#### Performance of the State-Of-The-Art Models ####
		=======================================
		SL      0.7     0.6     0.6     0.4     0.5     0.6     0.6   
		NB      0.8     0.4     0.9     0.1     0.5     0.6     0.5   
		EM      0.0     0.0     1.0     0.0     0.4     0.4     0.0   
		SMO     0.0     0.0     1.0     0.0     0.4     0.4     0.0   


	...................... Gini ......................
		#### Performance for all FFT generated. ####
		-------------------------------------------------------
		ID       MCU     PRE     REC     SPEC    NPV     ACC     F1
		0        1.9     0.6     0.9     0.2     0.8     0.6     0.6     0.7
		1        2.1     0.5     1.0     0.0     1.0     0.0     0.5     0.7
		2        2.2     0.6     0.8     0.3     0.7     0.5     0.6     0.7
		3        2.1     0.5     1.0     0.0     1.0     0.0     0.5     0.7
		4        2.4     0.6     0.8     0.3     0.7     0.5     0.6     0.7
		5        2.4     0.5     1.0     0.0     1.0     0.0     0.5     0.7
		6        2.6     0.6     0.7     0.4     0.6     0.5     0.6     0.7
		7        2.4     0.5     1.0     0.0     1.0     0.0     0.5     0.7
		8        2.8     0.6     0.8     0.3     0.7     0.5     0.6     0.7
		9        2.7     0.5     1.0     0.0     1.0     0.0     0.5     0.7
		10       3.0     0.6     0.7     0.4     0.6     0.5     0.6     0.7
		11       2.8     0.5     1.0     0.0     1.0     0.0     0.5     0.7
		12       3.4     0.6     0.7     0.4     0.6     0.5     0.6     0.7
		13       3.2     0.5     1.0     0.0     1.0     0.0     0.5     0.7
		14       3.6     0.7     0.5     0.6     0.4     0.4     0.5     0.5
		15       3.2     0.5     1.0     0.0     1.0     0.0     0.5     0.7
		-------------------------------------------------------

		The selected FFT id is :14
		The selected FFT constructed as the following tree: 
		noc < 0.0       --> 'Good'              Correct Rej: 0, Miss: 0
		| noc < 0.0     --> 'Good'              Correct Rej: 0, Miss: 0
		| | noc < 0.0   --> 'Good'              Correct Rej: 0, Miss: 0
		| | | npm > 6.0 --> 'Bug!'      False Alarm: 59, Hit: 112
		| | | npm < 6.0 --> 'Good'      Correct Rej: 92, Miss: 131

		#### Performance of the best FFT ####
		=======================================
		TP      FP      TN      FN    
		224     118     184     262   
		MCU     PRE     REC     SPEC    FPR     NPV     ACC     F1    
		7.1     0.7     0.5     0.6     0.4     0.4     0.5     0.5   

		#### Performance of the State-Of-The-Art Models ####
		=======================================
		SL      0.7     0.6     0.6     0.4     0.5     0.6     0.6   
		NB      0.8     0.4     0.9     0.1     0.5     0.6     0.5   
		EM      0.0     0.0     1.0     0.0     0.4     0.4     0.0   
		SMO     0.0     0.0     1.0     0.0     0.4     0.4     0.0   


	...................... InfoGain ......................
		#### Performance for all FFT generated. ####
		-------------------------------------------------------
		ID       MCU     PRE     REC     SPEC    NPV     ACC     F1
		0        3.2     0.0     0.0     1.0     0.0     0.5     0.5     0.0
		1        3.2     0.5     1.0     0.0     1.0     0.0     0.5     0.7
		2        3.2     0.0     0.0     1.0     0.0     0.5     0.5     0.0
		3        3.2     0.5     1.0     0.0     1.0     0.0     0.5     0.7
		4        3.2     0.0     0.0     1.0     0.0     0.5     0.5     0.0
		5        3.2     0.5     1.0     0.0     1.0     0.0     0.5     0.7
		6        3.2     0.0     0.0     1.0     0.0     0.5     0.5     0.0
		7        3.2     0.5     1.0     0.0     1.0     0.0     0.5     0.7
		8        3.2     0.0     0.0     1.0     0.0     0.5     0.5     0.0
		9        3.2     0.5     1.0     0.0     1.0     0.0     0.5     0.7
		10       3.2     0.0     0.0     1.0     0.0     0.5     0.5     0.0
		11       3.2     0.5     1.0     0.0     1.0     0.0     0.5     0.7
		12       3.2     0.0     0.0     1.0     0.0     0.5     0.5     0.0
		13       3.2     0.5     1.0     0.0     1.0     0.0     0.5     0.7
		14       3.2     0.0     0.0     1.0     0.0     0.5     0.5     0.0
		15       3.2     0.5     1.0     0.0     1.0     0.0     0.5     0.7
		-------------------------------------------------------

		The selected FFT id is :0
		The selected FFT constructed as the following tree: 
		noc < 0.0       --> 'Bug!'              False Alarm: 0, Hit: 0
		| noc < 0.0     --> 'Bug!'              False Alarm: 0, Hit: 0
		| | noc < 0.0   --> 'Bug!'              False Alarm: 0, Hit: 0
		| | | noc < 0.0 --> 'Bug!'      False Alarm: 0, Hit: 0
		| | | noc > 0.0 --> 'Good'      Correct Rej: 165, Miss: 187

		#### Performance of the best FFT ####
		=======================================
		TP      FP      TN      FN    
		0       0       330     374   
		MCU     PRE     REC     SPEC    FPR     NPV     ACC     F1    
		6.4     0.0     0.0     1.0     0.0     0.5     0.5     0.0   

		#### Performance of the State-Of-The-Art Models ####
		=======================================
		SL      0.7     0.6     0.6     0.4     0.5     0.6     0.6   
		NB      0.8     0.4     0.9     0.1     0.5     0.6     0.5   
		EM      0.0     0.0     1.0     0.0     0.4     0.4     0.0   
		SMO     0.0     0.0     1.0     0.0     0.4     0.4     0.0   


~~~~~~~~~~~~~~~~~~~~~~~~~~~~~~~~~~~~~~~~~~~~~~~~
@ivy
training on: ivy-1.1.csv, ivy-1.4.csv
testing on: ivy-2.0.csv


	...................... Dist2Heave ......................
		#### Performance for all FFT generated. ####
		-------------------------------------------------------
		ID       MCU     PRE     REC     SPEC    NPV     ACC     F1
		0        1.9     0.3     1.0     0.1     0.9     0.9     0.3     0.4
		1        2.0     0.2     1.0     0.1     0.9     1.0     0.3     0.4
		2        2.0     0.3     0.9     0.3     0.7     0.9     0.4     0.4
		3        2.0     0.3     1.0     0.2     0.8     1.0     0.4     0.4
		4        1.9     0.3     0.9     0.4     0.6     0.9     0.5     0.5
		5        1.9     0.3     0.9     0.4     0.6     0.9     0.5     0.4
		6        1.9     0.3     0.8     0.5     0.5     0.9     0.6     0.5
		7        1.9     0.3     0.9     0.5     0.5     0.9     0.6     0.5
		8        1.9     0.4     0.7     0.7     0.3     0.9     0.7     0.5
		9        1.9     0.4     0.7     0.6     0.4     0.9     0.7     0.5
		10       2.0     0.4     0.5     0.8     0.2     0.8     0.7     0.5
		11       1.9     0.4     0.5     0.8     0.2     0.9     0.7     0.5
		12       1.9     0.5     0.4     0.9     0.1     0.8     0.7     0.4
		13       1.9     0.4     0.4     0.8     0.2     0.8     0.7     0.4
		14       2.0     0.6     0.2     1.0     0.0     0.8     0.8     0.3
		15       1.9     0.4     0.2     0.9     0.1     0.8     0.8     0.2
		-------------------------------------------------------

		The selected FFT id is :8
		The selected FFT constructed as the following tree: 
		cam > 0.4541666665      --> 'Good'      Correct Rej: 157, Miss: 19
		| cbo > 11.0    --> 'Bug!'              False Alarm: 49, Hit: 33
		| | rfc > 27.0  --> 'Bug!'      False Alarm: 29, Hit: 18
		| | | rfc < 18.0        --> 'Bug!'      False Alarm: 16, Hit: 6
		| | | rfc > 18.0        --> 'Good'      Correct Rej: 19, Miss: 7

		#### Performance of the best FFT ####
		=======================================
		TP      FP      TN      FN    
		114     188     352     52    
		MCU     PRE     REC     SPEC    FPR     NPV     ACC     F1    
		3.8     0.4     0.7     0.7     0.3     0.9     0.7     0.5   

		#### Performance of the State-Of-The-Art Models ####
		=======================================
		SL      0.4     0.3     0.9     0.1     0.9     0.9     0.3   
		NB      0.3     0.5     0.9     0.1     0.9     0.8     0.4   
		EM      0.0     0.0     1.0     0.0     0.9     0.9     0.0   
		SMO     0.2     0.4     0.8     0.2     0.9     0.8     0.3   


	...................... Accuracy ......................
		#### Performance for all FFT generated. ####
		-------------------------------------------------------
		ID       MCU     PRE     REC     SPEC    NPV     ACC     F1
		0        2.5     0.0     0.0     1.0     0.0     0.8     0.8     0.0
		1        4.1     0.2     0.5     0.5     0.5     0.8     0.5     0.2
		2        2.6     0.0     0.0     1.0     0.0     0.8     0.8     0.0
		3        3.6     0.2     0.3     0.7     0.3     0.8     0.7     0.3
		4        2.1     0.0     0.0     1.0     0.0     0.8     0.8     0.0
		5        3.1     0.2     0.3     0.7     0.3     0.8     0.7     0.3
		6        2.9     0.6     0.1     1.0     0.0     0.8     0.8     0.2
		7        2.8     0.3     0.2     0.9     0.1     0.8     0.7     0.2
		8        1.6     0.0     0.0     1.0     0.0     0.8     0.8     0.0
		9        2.6     0.2     0.3     0.7     0.3     0.8     0.7     0.3
		10       2.4     0.6     0.1     1.0     0.0     0.8     0.8     0.2
		11       2.3     0.3     0.2     0.9     0.1     0.8     0.7     0.2
		12       1.6     0.6     0.1     1.0     0.0     0.8     0.8     0.2
		13       2.0     0.3     0.2     0.9     0.1     0.8     0.7     0.3
		14       1.8     0.6     0.1     1.0     0.0     0.8     0.8     0.2
		15       2.0     0.3     0.1     0.9     0.1     0.8     0.8     0.2
		-------------------------------------------------------

		The selected FFT id is :1
		The selected FFT constructed as the following tree: 
		dit < 1.0       --> 'Bug!'              False Alarm: 0, Hit: 0
		| dit < 1.0     --> 'Bug!'              False Alarm: 0, Hit: 0
		| | dit < 1.0   --> 'Bug!'              False Alarm: 0, Hit: 0
		| | | wmc < 7.0 --> 'Good'      Correct Rej: 147, Miss: 26
		| | | wmc > 7.0 --> 'Bug!'      False Alarm: 161, Hit: 30

		#### Performance of the best FFT ####
		=======================================
		TP      FP      TN      FN    
		60      322     294     52    
		MCU     PRE     REC     SPEC    FPR     NPV     ACC     F1    
		8.3     0.2     0.5     0.5     0.5     0.8     0.5     0.2   

		#### Performance of the State-Of-The-Art Models ####
		=======================================
		SL      0.4     0.3     0.9     0.1     0.9     0.9     0.3   
		NB      0.3     0.5     0.9     0.1     0.9     0.8     0.4   
		EM      0.0     0.0     1.0     0.0     0.9     0.9     0.0   
		SMO     0.2     0.4     0.8     0.2     0.9     0.8     0.3   
	

	...................... Gini ......................
		#### Performance for all FFT generated. ####
		-------------------------------------------------------
		ID       MCU     PRE     REC     SPEC    NPV     ACC     F1
		0        2.2     0.2     0.9     0.1     0.9     0.8     0.3     0.4
		1        1.9     0.2     1.0     0.0     1.0     0.0     0.2     0.4
		2        2.4     0.2     0.7     0.2     0.8     0.6     0.3     0.3
		3        1.6     0.2     1.0     0.0     1.0     0.0     0.2     0.3
		4        2.5     0.2     0.7     0.2     0.8     0.6     0.3     0.3
		5        1.7     0.2     1.0     0.0     1.0     0.0     0.2     0.3
		6        2.8     0.2     0.4     0.4     0.6     0.7     0.4     0.2
		7        1.6     0.2     1.0     0.0     1.0     0.0     0.2     0.3
		8        3.0     0.2     0.7     0.2     0.8     0.6     0.3     0.3
		9        2.2     0.2     1.0     0.0     1.0     0.0     0.2     0.3
		10       3.3     0.2     0.4     0.4     0.6     0.7     0.4     0.2
		11       2.1     0.2     1.0     0.0     1.0     0.0     0.2     0.3
		12       3.8     0.2     0.4     0.4     0.6     0.7     0.4     0.2
		13       2.6     0.2     1.0     0.0     1.0     0.0     0.2     0.3
		14       4.1     0.2     0.5     0.5     0.5     0.8     0.5     0.2
		15       2.5     0.2     1.0     0.0     1.0     0.0     0.2     0.4
		-------------------------------------------------------

		The selected FFT id is :14
		The selected FFT constructed as the following tree: 
		dit < 1.0       --> 'Good'              Correct Rej: 0, Miss: 0
		| dit < 1.0     --> 'Good'              Correct Rej: 0, Miss: 0
		| | dit < 1.0   --> 'Good'              Correct Rej: 0, Miss: 0
		| | | wmc < 7.0 --> 'Bug!'      False Alarm: 147, Hit: 26
		| | | wmc > 7.0 --> 'Good'      Correct Rej: 161, Miss: 30

		#### Performance of the best FFT ####
		=======================================
		TP      FP      TN      FN    
		52      294     322     60    
		MCU     PRE     REC     SPEC    FPR     NPV     ACC     F1    
		8.3     0.2     0.5     0.5     0.5     0.8     0.5     0.2   

		#### Performance of the State-Of-The-Art Models ####
		=======================================
		SL      0.4     0.3     0.9     0.1     0.9     0.9     0.3   
		NB      0.3     0.5     0.9     0.1     0.9     0.8     0.4   
		EM      0.0     0.0     1.0     0.0     0.9     0.9     0.0   
		SMO     0.2     0.4     0.8     0.2     0.9     0.8     0.3   


	...................... InfoGain ......................
		#### Performance for all FFT generated. ####
		-------------------------------------------------------
		ID       MCU     PRE     REC     SPEC    NPV     ACC     F1
		0        2.5     0.0     0.0     1.0     0.0     0.8     0.8     0.0
		1        2.5     0.2     1.0     0.0     1.0     0.0     0.2     0.4
		2        2.5     0.0     0.0     1.0     0.0     0.8     0.8     0.0
		3        2.5     0.2     1.0     0.0     1.0     0.0     0.2     0.4
		4        2.5     0.0     0.0     1.0     0.0     0.8     0.8     0.0
		5        2.5     0.2     1.0     0.0     1.0     0.0     0.2     0.4
		6        2.5     0.0     0.0     1.0     0.0     0.8     0.8     0.0
		7        2.5     0.2     1.0     0.0     1.0     0.0     0.2     0.4
		8        2.5     0.0     0.0     1.0     0.0     0.8     0.8     0.0
		9        2.5     0.2     1.0     0.0     1.0     0.0     0.2     0.4
		10       2.5     0.0     0.0     1.0     0.0     0.8     0.8     0.0
		11       2.5     0.2     1.0     0.0     1.0     0.0     0.2     0.4
		12       2.5     0.0     0.0     1.0     0.0     0.8     0.8     0.0
		13       2.5     0.2     1.0     0.0     1.0     0.0     0.2     0.4
		14       2.5     0.0     0.0     1.0     0.0     0.8     0.8     0.0
		15       2.5     0.2     1.0     0.0     1.0     0.0     0.2     0.4
		-------------------------------------------------------

		The selected FFT id is :0
		The selected FFT constructed as the following tree: 
		dit < 1.0       --> 'Bug!'              False Alarm: 0, Hit: 0
		| dit < 1.0     --> 'Bug!'              False Alarm: 0, Hit: 0
		| | dit < 1.0   --> 'Bug!'              False Alarm: 0, Hit: 0
		| | | dit < 1.0 --> 'Bug!'      False Alarm: 0, Hit: 0
		| | | dit > 1.0 --> 'Good'      Correct Rej: 168, Miss: 49

		#### Performance of the best FFT ####
		=======================================
		TP      FP      TN      FN    
		0       0       336     98    
		MCU     PRE     REC     SPEC    FPR     NPV     ACC     F1    
		4.9     0.0     0.0     1.0     0.0     0.8     0.8     0.0   

		#### Performance of the State-Of-The-Art Models ####
		=======================================
		SL      0.4     0.3     0.9     0.1     0.9     0.9     0.3   
		NB      0.3     0.5     0.9     0.1     0.9     0.8     0.4   
		EM      0.0     0.0     1.0     0.0     0.9     0.9     0.0   
		SMO     0.2     0.4     0.8     0.2     0.9     0.8     0.3   
		~~~~~~~~~~~~~~~~~~~~~~~~~~~~~~~~~~~~~~~~~~~~~~~~
		@synapse
		training on: synapse-1.0.csv, synapse-1.1.csv
		testing on: synapse-1.2.csv
	

	...................... Dist2Heave ......................
		#### Performance for all FFT generated. ####
		-------------------------------------------------------
		ID       MCU     PRE     REC     SPEC    NPV     ACC     F1
		0        2.1     0.2     1.0     0.1     0.9     1.0     0.3     0.4
		1        2.1     0.2     1.0     0.1     0.9     1.0     0.3     0.4
		2        2.1     0.3     0.9     0.3     0.7     0.9     0.4     0.4
		3        2.1     0.2     1.0     0.3     0.7     1.0     0.4     0.4
		4        2.1     0.3     0.8     0.4     0.6     0.9     0.5     0.4
		5        2.1     0.3     0.9     0.4     0.6     0.9     0.5     0.4
		6        2.1     0.3     0.7     0.6     0.4     0.9     0.6     0.4
		7        2.1     0.3     0.8     0.6     0.4     0.9     0.6     0.4
		8        1.9     0.3     0.7     0.7     0.3     0.9     0.7     0.5
		9        1.9     0.3     0.7     0.6     0.4     0.9     0.6     0.4
		10       1.9     0.4     0.6     0.8     0.2     0.9     0.7     0.5
		11       1.9     0.4     0.6     0.8     0.2     0.9     0.7     0.5
		12       1.9     0.5     0.4     0.9     0.1     0.8     0.8     0.5
		13       1.9     0.4     0.4     0.9     0.1     0.9     0.8     0.4
		14       1.9     0.7     0.2     1.0     0.0     0.8     0.8     0.3
		15       1.9     0.3     0.1     0.9     0.1     0.8     0.8     0.2
		-------------------------------------------------------

		The selected FFT id is :8
		The selected FFT constructed as the following tree: 
		rfc < 25.0      --> 'Good'              Correct Rej: 168, Miss: 20
		| lcom > 13.0   --> 'Bug!'              False Alarm: 46, Hit: 36
		| | loc > 206.0 --> 'Bug!'      False Alarm: 38, Hit: 15
		| | | wmc < 5.0 --> 'Bug!'      False Alarm: 19, Hit: 4
		| | | wmc > 5.0 --> 'Good'      Correct Rej: 28, Miss: 5

		#### Performance of the best FFT ####
		=======================================
		TP      FP      TN      FN    
		110     206     392     50    
		MCU     PRE     REC     SPEC    FPR     NPV     ACC     F1    
		3.9     0.3     0.7     0.7     0.3     0.9     0.7     0.5   

		#### Performance of the State-Of-The-Art Models ####
		=======================================
		SL      0.8     0.3     1.0     0.0     0.7     0.7     0.4   
		NB      0.6     0.5     0.8     0.2     0.8     0.7     0.5   
		EM      0.6     0.6     0.8     0.2     0.8     0.7     0.6   
		SMO     0.6     0.1     1.0     0.0     0.7     0.7     0.2   
	

	...................... Accuracy ......................
		#### Performance for all FFT generated. ####
		-------------------------------------------------------
		ID       MCU     PRE     REC     SPEC    NPV     ACC     F1
		0        2.3     0.0     0.0     1.0     0.0     0.8     0.8     0.0
		1        4.3     0.1     0.6     0.5     0.5     0.9     0.5     0.2
		2        2.7     0.0     0.0     1.0     0.0     0.8     0.8     0.0
		3        4.3     0.3     0.6     0.6     0.4     0.9     0.6     0.4
		4        2.2     0.0     0.0     1.0     0.0     0.8     0.8     0.0
		5        3.8     0.3     0.6     0.6     0.4     0.9     0.6     0.4
		6        2.7     0.6     0.3     0.9     0.1     0.8     0.8     0.4
		7        2.9     0.3     0.3     0.8     0.2     0.9     0.8     0.3
		8        1.7     0.0     0.0     1.0     0.0     0.8     0.8     0.0
		9        3.4     0.3     0.6     0.6     0.4     0.9     0.6     0.4
		10       2.3     0.6     0.3     0.9     0.1     0.8     0.8     0.4
		11       2.4     0.3     0.3     0.8     0.2     0.9     0.8     0.3
		12       2.0     0.6     0.4     0.9     0.1     0.9     0.8     0.4
		13       2.0     0.4     0.5     0.8     0.2     0.9     0.8     0.4
		14       2.0     0.6     0.2     1.0     0.0     0.8     0.8     0.3
		15       2.0     0.5     0.2     0.9     0.1     0.8     0.8     0.3
		-------------------------------------------------------

		The selected FFT id is :13
		The selected FFT constructed as the following tree: 
		cbo < 11.0      --> 'Good'              Correct Rej: 164, Miss: 19
		| dit > 1.0     --> 'Good'              Correct Rej: 65, Miss: 12
		| | max_cc > 6.0        --> 'Bug!'      False Alarm: 22, Hit: 27
		| | | dam < 0.7083333335        --> 'Good'      Correct Rej: 28, Miss: 7
		| | | dam > 0.7083333335        --> 'Bug!'      False Alarm: 28, Hit: 7

		#### Performance of the best FFT ####
		=======================================
		TP      FP      TN      FN    
		68      100     514     76    
		MCU     PRE     REC     SPEC    FPR     NPV     ACC     F1    
		4.0     0.4     0.5     0.8     0.2     0.9     0.8     0.4   

		#### Performance of the State-Of-The-Art Models ####
		=======================================
		SL      0.8     0.3     1.0     0.0     0.7     0.7     0.4   
		NB      0.6     0.5     0.8     0.2     0.8     0.7     0.5   
		EM      0.6     0.6     0.8     0.2     0.8     0.7     0.6   
		SMO     0.6     0.1     1.0     0.0     0.7     0.7     0.2   
	

	...................... Gini ......................
		#### Performance for all FFT generated. ####
		-------------------------------------------------------
		ID       MCU     PRE     REC     SPEC    NPV     ACC     F1
		0        2.7     0.2     0.9     0.3     0.7     0.9     0.4     0.4
		1        2.0     0.2     1.0     0.0     1.0     0.0     0.2     0.4
		2        2.8     0.2     0.8     0.3     0.7     0.9     0.4     0.4
		3        1.8     0.2     1.0     0.0     1.0     0.0     0.2     0.4
		4        3.1     0.2     0.8     0.3     0.7     0.9     0.4     0.4
		5        2.2     0.2     1.0     0.0     1.0     0.0     0.2     0.4
		6        3.3     0.3     0.6     0.4     0.6     0.8     0.5     0.4
		7        1.9     0.2     1.0     0.0     1.0     0.0     0.2     0.4
		8        3.3     0.2     0.8     0.3     0.7     0.9     0.4     0.4
		9        2.4     0.2     1.0     0.0     1.0     0.0     0.2     0.4
		10       3.5     0.3     0.6     0.4     0.6     0.8     0.5     0.4
		11       2.1     0.2     1.0     0.0     1.0     0.0     0.2     0.4
		12       3.6     0.3     0.6     0.4     0.6     0.8     0.5     0.4
		13       2.3     0.2     1.0     0.0     1.0     0.0     0.2     0.4
		14       4.7     0.4     0.2     0.9     0.1     0.8     0.7     0.3
		15       2.3     0.2     1.0     0.0     1.0     0.0     0.2     0.4
		-------------------------------------------------------

		The selected FFT id is :0
		The selected FFT constructed as the following tree: 
		moa > 0.0       --> 'Bug!'              False Alarm: 46, Hit: 25
		| dam > 0.666666667     --> 'Bug!'      False Alarm: 101, Hit: 34
		| | cbo > 10.0  --> 'Bug!'      False Alarm: 67, Hit: 12
		| | | ic > 0.0  --> 'Bug!'      False Alarm: 17, Hit: 1
		| | | ic < 0.0  --> 'Good'      Correct Rej: 89, Miss: 5

		#### Performance of the best FFT ####
		=======================================
		TP      FP      TN      FN    
		144     462     178     10    
		MCU     PRE     REC     SPEC    FPR     NPV     ACC     F1    
		5.4     0.2     0.9     0.3     0.7     0.9     0.4     0.4   

		#### Performance of the State-Of-The-Art Models ####
		=======================================
		SL      0.8     0.3     1.0     0.0     0.7     0.7     0.4   
		NB      0.6     0.5     0.8     0.2     0.8     0.7     0.5   
		EM      0.6     0.6     0.8     0.2     0.8     0.7     0.6   
		SMO     0.6     0.1     1.0     0.0     0.7     0.7     0.2   

	
	...................... InfoGain ......................
		#### Performance for all FFT generated. ####
		-------------------------------------------------------
		ID       MCU     PRE     REC     SPEC    NPV     ACC     F1
		0        1.5     0.3     0.7     0.4     0.6     0.8     0.5     0.4
		1        1.5     0.2     1.0     0.0     1.0     0.0     0.2     0.4
		2        1.5     0.3     0.7     0.4     0.6     0.8     0.5     0.4
		3        1.5     0.2     1.0     0.0     1.0     0.0     0.2     0.4
		4        1.5     0.3     0.7     0.4     0.6     0.8     0.5     0.4
		5        1.5     0.2     1.0     0.0     1.0     0.0     0.2     0.4
		6        1.5     0.3     0.7     0.4     0.6     0.8     0.5     0.4
		7        1.5     0.2     1.0     0.0     1.0     0.0     0.2     0.4
		8        2.0     0.3     0.7     0.4     0.6     0.8     0.5     0.4
		9        2.0     0.2     1.0     0.0     1.0     0.0     0.2     0.4
		10       2.0     0.3     0.7     0.4     0.6     0.8     0.5     0.4
		11       2.0     0.2     1.0     0.0     1.0     0.0     0.2     0.4
		12       2.5     0.3     0.7     0.4     0.6     0.8     0.5     0.4
		13       2.5     0.2     1.0     0.0     1.0     0.0     0.2     0.4
		14       4.4     0.3     0.5     0.6     0.4     0.8     0.5     0.3
		15       2.3     0.2     1.0     0.0     1.0     0.0     0.2     0.4
		-------------------------------------------------------

		The selected FFT id is :14
		The selected FFT constructed as the following tree: 
		dit < 1.0       --> 'Good'              Correct Rej: 0, Miss: 0
		| dit < 1.0     --> 'Good'              Correct Rej: 0, Miss: 0
		| | dit < 1.0   --> 'Good'              Correct Rej: 0, Miss: 0
		| | | wmc > 5.0 --> 'Bug!'      False Alarm: 137, Hit: 47
		| | | wmc < 5.0 --> 'Good'      Correct Rej: 176, Miss: 53

		#### Performance of the best FFT ####
		=======================================
		TP      FP      TN      FN    
		94      274     352     106   
		MCU     PRE     REC     SPEC    FPR     NPV     ACC     F1    
		8.7     0.3     0.5     0.6     0.4     0.8     0.5     0.3   

		#### Performance of the State-Of-The-Art Models ####
		=======================================
		SL      0.8     0.3     1.0     0.0     0.7     0.7     0.4   
		NB      0.6     0.5     0.8     0.2     0.8     0.7     0.5   
		EM      0.6     0.6     0.8     0.2     0.8     0.7     0.6   
		SMO     0.6     0.1     1.0     0.0     0.7     0.7     0.2   


~~~~~~~~~~~~~~~~~~~~~~~~~~~~~~~~~~~~~~~~~~~~~~~~
@velocity
training on: velocity-1.4.csv, velocity-1.5.csv
testing on: velocity-1.6.csv
	
	...................... Dist2Heave ......................
		#### Performance for all FFT generated. ####
		-------------------------------------------------------
		ID       MCU     PRE     REC     SPEC    NPV     ACC     F1
		0        2.0     0.7     0.9     0.2     0.8     0.4     0.7     0.8
		1        1.9     0.7     1.0     0.1     0.9     0.6     0.7     0.8
		2        1.9     0.7     0.8     0.3     0.7     0.4     0.7     0.8
		3        1.9     0.7     0.9     0.3     0.7     0.5     0.7     0.8
		4        1.9     0.8     0.7     0.5     0.5     0.4     0.6     0.7
		5        1.9     0.7     0.8     0.4     0.6     0.4     0.7     0.7
		6        2.0     0.8     0.6     0.6     0.4     0.4     0.6     0.7
		7        1.9     0.8     0.7     0.6     0.4     0.4     0.6     0.7
		8        2.0     0.8     0.5     0.7     0.3     0.4     0.6     0.6
		9        2.0     0.8     0.5     0.7     0.3     0.4     0.6     0.6
		10       2.0     0.9     0.4     0.8     0.2     0.4     0.5     0.5
		11       2.0     0.8     0.4     0.8     0.2     0.4     0.5     0.6
		12       2.0     0.9     0.3     0.9     0.1     0.3     0.4     0.4
		13       2.0     0.8     0.2     0.9     0.1     0.3     0.4     0.4
		14       2.2     1.0     0.1     1.0     0.0     0.3     0.3     0.1
		15       1.9     0.9     0.1     1.0     0.0     0.3     0.4     0.2
		-------------------------------------------------------

		The selected FFT id is :7
		The selected FFT constructed as the following tree: 
		loc > 87.5      --> 'Bug!'              False Alarm: 44, Hit: 161
		| dit > 1.0     --> 'Good'              Correct Rej: 43, Miss: 57
		| | ce < 1.0    --> 'Good'              Correct Rej: 19, Miss: 21
		| | | ca < 3.0  --> 'Good'      Correct Rej: 8, Miss: 19
		| | | ca > 3.0  --> 'Bug!'      False Alarm: 9, Hit: 27

		#### Performance of the best FFT ####
		=======================================
		TP      FP      TN      FN    
		376     106     140     194   
		MCU     PRE     REC     SPEC    FPR     NPV     ACC     F1    
		3.8     0.8     0.7     0.6     0.4     0.4     0.6     0.7   

		#### Performance of the State-Of-The-Art Models ####
		=======================================
		SL      0.4     1.0     0.1     0.9     0.9     0.4     0.5   
		NB      0.4     0.8     0.5     0.5     0.8     0.6     0.6   
		EM      0.0     0.0     1.0     0.0     0.7     0.7     0.0   
		SMO     0.4     0.9     0.2     0.8     0.7     0.4     0.5   


	...................... Accuracy ......................
		#### Performance for all FFT generated. ####
		-------------------------------------------------------
		ID       MCU     PRE     REC     SPEC    NPV     ACC     F1
		0        1.9     0.7     0.9     0.1     0.9     0.3     0.7     0.8
		1        1.9     0.7     1.0     0.1     0.9     0.7     0.7     0.8
		2        1.9     0.7     0.8     0.3     0.7     0.4     0.7     0.8
		3        2.1     0.7     0.9     0.3     0.7     0.5     0.7     0.8
		4        2.2     0.8     0.8     0.4     0.6     0.4     0.7     0.8
		5        2.4     0.7     0.9     0.3     0.7     0.5     0.7     0.8
		6        2.3     0.8     0.7     0.4     0.6     0.4     0.6     0.7
		7        1.8     0.8     0.9     0.2     0.8     0.5     0.7     0.8
		8        2.4     0.8     0.8     0.5     0.5     0.5     0.7     0.8
		9        2.4     0.8     0.9     0.4     0.6     0.5     0.7     0.8
		10       3.6     0.8     0.6     0.7     0.3     0.4     0.6     0.7
		11       2.1     0.8     0.9     0.4     0.6     0.6     0.8     0.8
		12       4.0     0.8     0.6     0.7     0.3     0.4     0.6     0.7
		13       2.5     0.8     0.9     0.4     0.6     0.6     0.8     0.8
		14       3.5     0.8     0.5     0.7     0.3     0.3     0.5     0.6
		15       2.1     0.8     0.9     0.4     0.6     0.6     0.7     0.8
		-------------------------------------------------------

		The selected FFT id is :10
		The selected FFT constructed as the following tree: 
		dit > 2.0       --> 'Good'              Correct Rej: 37, Miss: 24
		| cbo > 7.0     --> 'Bug!'              False Alarm: 25, Hit: 141
		| | dit < 1.0   --> 'Good'              Correct Rej: 0, Miss: 0
		| | | lcom3 < 2.0       --> 'Bug!'      False Alarm: 21, Hit: 64
		| | | lcom3 > 2.0       --> 'Good'      Correct Rej: 59, Miss: 124

		#### Performance of the best FFT ####
		=======================================
		TP      FP      TN      FN    
		410     92      192     296   
		MCU     PRE     REC     SPEC    FPR     NPV     ACC     F1    
		7.1     0.8     0.6     0.7     0.3     0.4     0.6     0.7   

		#### Performance of the State-Of-The-Art Models ####
		=======================================
		SL      0.4     1.0     0.1     0.9     0.9     0.4     0.5   
		NB      0.4     0.8     0.5     0.5     0.8     0.6     0.6   
		EM      0.0     0.0     1.0     0.0     0.7     0.7     0.0   
		SMO     0.4     0.9     0.2     0.8     0.7     0.4     0.5   


	...................... Gini ......................
		#### Performance for all FFT generated. ####
		-------------------------------------------------------
		ID       MCU     PRE     REC     SPEC    NPV     ACC     F1
		0        2.7     0.7     0.8     0.2     0.8     0.2     0.6     0.7
		1        3.0     0.7     1.0     0.0     1.0     0.0     0.7     0.8
		2        3.4     0.7     0.7     0.4     0.6     0.4     0.6     0.7
		3        3.3     0.7     1.0     0.0     1.0     0.0     0.7     0.8
		4        3.5     0.7     0.7     0.4     0.6     0.4     0.6     0.7
		5        3.5     0.7     1.0     0.0     1.0     0.0     0.7     0.8
		6        4.5     0.8     0.3     0.9     0.1     0.3     0.4     0.4
		7        3.7     0.7     1.0     0.0     1.0     0.0     0.7     0.8
		8        3.6     0.7     0.7     0.4     0.6     0.4     0.6     0.7
		9        3.6     0.7     1.0     0.0     1.0     0.0     0.7     0.8
		10       4.6     0.8     0.3     0.9     0.1     0.3     0.4     0.4
		11       3.8     0.7     1.0     0.0     1.0     0.0     0.7     0.8
		12       4.7     0.8     0.3     0.9     0.1     0.3     0.4     0.4
		13       3.9     0.7     1.0     0.0     1.0     0.0     0.7     0.8
		14       4.4     0.9     0.1     1.0     0.0     0.3     0.3     0.2
		15       3.6     0.7     1.0     0.0     1.0     0.0     0.7     0.8
		-------------------------------------------------------

		The selected FFT id is :2
		The selected FFT constructed as the following tree: 
		noc > 0.0       --> 'Bug!'              False Alarm: 5, Hit: 34
		| moa > 0.0     --> 'Bug!'              False Alarm: 15, Hit: 65
		| | noc > 0.0   --> 'Good'              Correct Rej: 0, Miss: 0
		| | | cam > 0.466666667 --> 'Bug!'      False Alarm: 65, Hit: 80
		| | | cam < 0.466666667 --> 'Good'      Correct Rej: 66, Miss: 83

		#### Performance of the best FFT ####
		=======================================
		TP      FP      TN      FN    
		358     170     132     166   
		MCU     PRE     REC     SPEC    FPR     NPV     ACC     F1    
		6.7     0.7     0.7     0.4     0.6     0.4     0.6     0.7   

		#### Performance of the State-Of-The-Art Models ####
		=======================================
		SL      0.4     1.0     0.1     0.9     0.9     0.4     0.5   
		NB      0.4     0.8     0.5     0.5     0.8     0.6     0.6   
		EM      0.0     0.0     1.0     0.0     0.7     0.7     0.0   
		SMO     0.4     0.9     0.2     0.8     0.7     0.4     0.5   


	...................... InfoGain ......................
		#### Performance for all FFT generated. ####
		-------------------------------------------------------
		ID       MCU     PRE     REC     SPEC    NPV     ACC     F1
		0        3.6     0.0     0.0     1.0     0.0     0.3     0.3     0.0
		1        3.6     0.7     1.0     0.0     1.0     0.0     0.7     0.8
		2        3.6     0.0     0.0     1.0     0.0     0.3     0.3     0.0
		3        3.6     0.7     1.0     0.0     1.0     0.0     0.7     0.8
		4        3.6     0.0     0.0     1.0     0.0     0.3     0.3     0.0
		5        3.6     0.7     1.0     0.0     1.0     0.0     0.7     0.8
		6        3.6     0.0     0.0     1.0     0.0     0.3     0.3     0.0
		7        3.6     0.7     1.0     0.0     1.0     0.0     0.7     0.8
		8        3.6     0.0     0.0     1.0     0.0     0.3     0.3     0.0
		9        3.6     0.7     1.0     0.0     1.0     0.0     0.7     0.8
		10       3.6     0.0     0.0     1.0     0.0     0.3     0.3     0.0
		11       3.6     0.7     1.0     0.0     1.0     0.0     0.7     0.8
		12       3.6     0.0     0.0     1.0     0.0     0.3     0.3     0.0
		13       3.6     0.7     1.0     0.0     1.0     0.0     0.7     0.8
		14       3.6     0.0     0.0     1.0     0.0     0.3     0.3     0.0
		15       3.6     0.7     1.0     0.0     1.0     0.0     0.7     0.8
		-------------------------------------------------------

		The selected FFT id is :0
		The selected FFT constructed as the following tree: 
		noc < 0.0       --> 'Bug!'              False Alarm: 0, Hit: 0
		| noc < 0.0     --> 'Bug!'              False Alarm: 0, Hit: 0
		| | noc < 0.0   --> 'Bug!'              False Alarm: 0, Hit: 0
		| | | noc < 0.0 --> 'Bug!'      False Alarm: 0, Hit: 0
		| | | noc > 0.0 --> 'Good'      Correct Rej: 116, Miss: 255

		#### Performance of the best FFT ####
		=======================================
		TP      FP      TN      FN    
		0       0       232     510   
		MCU     PRE     REC     SPEC    FPR     NPV     ACC     F1    
		7.2     0.0     0.0     1.0     0.0     0.3     0.3     0.0   

		#### Performance of the State-Of-The-Art Models ####
		=======================================
		SL      0.4     1.0     0.1     0.9     0.9     0.4     0.5   
		NB      0.4     0.8     0.5     0.5     0.8     0.6     0.6   
		EM      0.0     0.0     1.0     0.0     0.7     0.7     0.0   
		SMO     0.4     0.9     0.2     0.8     0.7     0.4     0.5  