
~~~~~~~~~~~~~~~~~~~~~~~~~~~~~~~~~~~~~~~~~~~~~~~~
@poi
training on: poi-1.5.csv, poi-2.0.csv, poi-2.5.csv
testing on: poi-3.0.csv
  ...................... Accuracy ......................
	----- PERFORMANCES FOR ALL FFTs -----
	CLF 	PRE  	REC 	SPE 	FPR 	NPV 	ACC 	F_1 	Accuracy
	FFT(0)	0.865	0.480	0.870	0.130	0.490	0.622	0.618	-0.622
	FFT(1)	0.821	0.505	0.807	0.193	0.483	0.615	0.626	-0.615
	FFT(2)	0.865	0.480	0.870	0.130	0.490	0.622	0.618	-0.622
	FFT(3)	0.821	0.505	0.807	0.193	0.483	0.615	0.626	-0.615
	FFT(4)	0.865	0.480	0.870	0.130	0.490	0.622	0.618	-0.622
	FFT(5)	0.821	0.505	0.807	0.193	0.483	0.615	0.626	-0.615
	FFT(6)	0.865	0.480	0.870	0.130	0.490	0.622	0.618	-0.622
	FFT(7)	0.821	0.505	0.807	0.193	0.483	0.615	0.626	-0.615
	The best tree found is: FFT(0)
	| ic > 1.0	--> 'Bug!'        	False Alarm: 5, Hit: 7
	| 	| noc < 0.0	--> 'Bug!'    	False Alarm: 0, Hit: 0
	| 	| 	| noc < 0.0	--> 'Bug!' 	False Alarm: 0, Hit: 0
	| 	| 	| 	| lcom > 36.0	--> 'Bug!'	False Alarm: 16, Hit: 128
	| 	| 	| 	| lcom > 36.0	--> 'Good'	Correct Rej: 140, Miss: 146
	----- CONFUSION MATRIX -----
	TP	FP	TN	FN
	135	21	140	146
	----- PERFORMANCES ON TEST DATA -----
	CLF 	PRE  	REC 	SPE 	FPR 	NPV 	ACC 	F_1 	Dist2Heaven
	FFT(0)	0.865	0.480	0.870	0.130	0.490	0.622	0.618	0.287
	SL    	0.778	0.573	0.714	0.286	0.489	0.624	0.660	0.264
	NB    	0.871	0.192	0.950	0.050	0.403	0.468	0.315	0.655
	EM    	1.000	0.004	1.000	0.000	0.365	0.367	0.007	0.992
	SMO    	0.707	0.858	0.379	0.621	0.604	0.683	0.775	0.406
  ...................... Dist2Heaven ......................
	----- PERFORMANCES FOR ALL FFTs -----
	CLF 	PRE  	REC 	SPE 	FPR 	NPV 	ACC 	F_1 	Dist2Heaven
	FFT(0)	0.723	0.893	0.404	0.596	0.684	0.715	0.799	0.367
	FFT(1)	0.677	0.964	0.199	0.801	0.762	0.686	0.796	0.643
	FFT(2)	0.802	0.822	0.646	0.354	0.675	0.758	0.812	0.157
	FFT(3)	0.739	0.865	0.466	0.534	0.664	0.719	0.797	0.303
	FFT(4)	0.899	0.730	0.857	0.143	0.645	0.776	0.806	0.093
	FFT(5)	0.847	0.751	0.764	0.236	0.637	0.756	0.796	0.118
	FFT(6)	0.785	0.505	0.758	0.242	0.467	0.597	0.615	0.304
	FFT(7)	0.737	0.509	0.683	0.317	0.444	0.572	0.602	0.342
	The best tree found is: FFT(4)
	| wmc > 11.0	--> 'Bug!'      	False Alarm: 17, Hit: 139
	| 	| dit < 1.5	--> 'Good'    	Correct Rej: 70, Miss: 42
	| 	| 	| dit < 2.0	--> 'Bug!' 	False Alarm: 0, Hit: 0
	| 	| 	| 	| cbm > 2.0	--> 'Bug!'	False Alarm: 6, Hit: 66
	| 	| 	| 	| cbm > 2.0	--> 'Good'	Correct Rej: 68, Miss: 34
	----- CONFUSION MATRIX -----
	TP	FP	TN	FN
	205	23	138	76
	----- PERFORMANCES ON TEST DATA -----
	CLF 	PRE  	REC 	SPE 	FPR 	NPV 	ACC 	F_1 	Dist2Heaven
	FFT(4)	0.899	0.730	0.857	0.143	0.645	0.776	0.806	0.093
	SL    	0.778	0.573	0.714	0.286	0.489	0.624	0.660	0.264
	NB    	0.871	0.192	0.950	0.050	0.403	0.468	0.315	0.655
	EM    	1.000	0.004	1.000	0.000	0.365	0.367	0.007	0.992
	SMO    	0.707	0.858	0.379	0.621	0.604	0.683	0.775	0.406
  ...................... Gini ......................
	----- PERFORMANCES FOR ALL FFTs -----
	CLF 	PRE  	REC 	SPE 	FPR 	NPV 	ACC 	F_1 	Gini
	FFT(0)	0.583	0.025	0.969	0.031	0.363	0.369	0.048	0.254
	FFT(1)	0.636	1.000	0.000	1.000	0.000	0.636	0.777	-0.404
	FFT(2)	0.583	0.025	0.969	0.031	0.363	0.369	0.048	0.254
	FFT(3)	0.636	1.000	0.000	1.000	0.000	0.636	0.777	-0.404
	FFT(4)	0.583	0.025	0.969	0.031	0.363	0.369	0.048	0.254
	FFT(5)	0.636	1.000	0.000	1.000	0.000	0.636	0.777	-0.404
	FFT(6)	0.583	0.025	0.969	0.031	0.363	0.369	0.048	0.254
	FFT(7)	0.636	1.000	0.000	1.000	0.000	0.636	0.777	-0.404
	The best tree found is: FFT(1)
	| ic > 1.0	--> 'Bug!'        	False Alarm: 5, Hit: 7
	| 	| noc < 0.0	--> 'Bug!'    	False Alarm: 0, Hit: 0
	| 	| 	| noc < 0.0	--> 'Bug!' 	False Alarm: 0, Hit: 0
	| 	| 	| 	| noc < 0.0	--> 'Good'	Correct Rej: 0, Miss: 0
	| 	| 	| 	| noc < 0.0	--> 'Bug!'	False Alarm: 156, Hit: 274
	----- CONFUSION MATRIX -----
	TP	FP	TN	FN
	281	161	0	0
	----- PERFORMANCES ON TEST DATA -----
	CLF 	PRE  	REC 	SPE 	FPR 	NPV 	ACC 	F_1 	Dist2Heaven
	FFT(1)	0.636	1.000	0.000	1.000	0.000	0.636	0.777	1.000
	SL    	0.778	0.573	0.714	0.286	0.489	0.624	0.660	0.264
	NB    	0.871	0.192	0.950	0.050	0.403	0.468	0.315	0.655
	EM    	1.000	0.004	1.000	0.000	0.365	0.367	0.007	0.992
	SMO    	0.707	0.858	0.379	0.621	0.604	0.683	0.775	0.406
  ...................... InfoGain ......................
	----- PERFORMANCES FOR ALL FFTs -----
	CLF 	PRE  	REC 	SPE 	FPR 	NPV 	ACC 	F_1 	InfoGain
	FFT(0)	0.540	0.626	0.068	0.932	0.095	0.423	0.580	-0.063
	FFT(1)	0.636	1.000	0.000	1.000	0.000	0.636	0.777	-0.151
	FFT(2)	0.540	0.626	0.068	0.932	0.095	0.423	0.580	-0.063
	FFT(3)	0.636	1.000	0.000	1.000	0.000	0.636	0.777	-0.151
	FFT(4)	0.540	0.626	0.068	0.932	0.095	0.423	0.580	-0.063
	FFT(5)	0.636	1.000	0.000	1.000	0.000	0.636	0.777	-0.151
	FFT(6)	0.540	0.626	0.068	0.932	0.095	0.423	0.580	-0.063
	FFT(7)	0.636	1.000	0.000	1.000	0.000	0.636	0.777	-0.151
	The best tree found is: FFT(1)
	| dit < 2.0	--> 'Bug!'       	False Alarm: 76, Hit: 76
	| 	| dit < 2.0	--> 'Bug!'    	False Alarm: 0, Hit: 0
	| 	| 	| dit < 2.0	--> 'Bug!' 	False Alarm: 0, Hit: 0
	| 	| 	| 	| dit < 2.0	--> 'Good'	Correct Rej: 0, Miss: 0
	| 	| 	| 	| dit < 2.0	--> 'Bug!'	False Alarm: 85, Hit: 205
	----- CONFUSION MATRIX -----
	TP	FP	TN	FN
	281	161	0	0
	----- PERFORMANCES ON TEST DATA -----
	CLF 	PRE  	REC 	SPE 	FPR 	NPV 	ACC 	F_1 	Dist2Heaven
	FFT(1)	0.636	1.000	0.000	1.000	0.000	0.636	0.777	1.000
	SL    	0.778	0.573	0.714	0.286	0.489	0.624	0.660	0.264
	NB    	0.871	0.192	0.950	0.050	0.403	0.468	0.315	0.655
	EM    	1.000	0.004	1.000	0.000	0.365	0.367	0.007	0.992
	SMO    	0.707	0.858	0.379	0.621	0.604	0.683	0.775	0.406

~~~~~~~~~~~~~~~~~~~~~~~~~~~~~~~~~~~~~~~~~~~~~~~~
@lucene
training on: lucene-2.0.csv, lucene-2.2.csv
testing on: lucene-2.4.csv
  ...................... Accuracy ......................
	----- PERFORMANCES FOR ALL FFTs -----
	CLF 	PRE  	REC 	SPE 	FPR 	NPV 	ACC 	F_1 	Accuracy
	FFT(0)	0.745	0.591	0.701	0.299	0.536	0.635	0.659	-0.635
	FFT(1)	0.683	0.872	0.401	0.599	0.679	0.682	0.766	-0.682
	FFT(2)	0.742	0.724	0.628	0.372	0.606	0.685	0.733	-0.685
	FFT(3)	0.704	0.714	0.555	0.445	0.567	0.650	0.709	-0.65
	FFT(4)	0.742	0.724	0.628	0.372	0.606	0.685	0.733	-0.685
	FFT(5)	0.704	0.714	0.555	0.445	0.567	0.650	0.709	-0.65
	FFT(6)	0.742	0.724	0.628	0.372	0.606	0.685	0.733	-0.685
	FFT(7)	0.706	0.709	0.562	0.438	0.566	0.650	0.708	-0.65
	The best tree found is: FFT(2)
	| rfc > 18.0	--> 'Bug!'      	False Alarm: 41, Hit: 120
	| 	| dit < 1.0	--> 'Bug!'    	False Alarm: 0, Hit: 0
	| 	| 	| npm < 3.0	--> 'Good' 	Correct Rej: 55, Miss: 26
	| 	| 	| 	| rfc > 12.0	--> 'Bug!'	False Alarm: 10, Hit: 27
	| 	| 	| 	| rfc > 12.0	--> 'Good'	Correct Rej: 31, Miss: 30
	----- CONFUSION MATRIX -----
	TP	FP	TN	FN
	147	51	86	56
	----- PERFORMANCES ON TEST DATA -----
	CLF 	PRE  	REC 	SPE 	FPR 	NPV 	ACC 	F_1 	Dist2Heaven
	FFT(2)	0.742	0.724	0.628	0.372	0.606	0.685	0.733	0.215
	SL    	0.685	0.611	0.584	0.416	0.503	0.600	0.646	0.324
	NB    	0.802	0.399	0.854	0.146	0.490	0.582	0.533	0.383
	EM    	0.761	0.409	0.810	0.190	0.481	0.571	0.532	0.385
	SMO    	0.000	0.000	1.000	0.000	0.403	0.403	0.000	1.000
  ...................... Dist2Heaven ......................
	----- PERFORMANCES FOR ALL FFTs -----
	CLF 	PRE  	REC 	SPE 	FPR 	NPV 	ACC 	F_1 	Dist2Heaven
	FFT(0)	0.624	0.931	0.168	0.832	0.622	0.624	0.747	0.697
	FFT(1)	0.614	0.966	0.102	0.898	0.667	0.618	0.751	0.808
	FFT(2)	0.660	0.803	0.387	0.613	0.570	0.635	0.724	0.415
	FFT(3)	0.631	0.852	0.263	0.737	0.545	0.615	0.725	0.565
	FFT(4)	0.711	0.704	0.577	0.423	0.568	0.653	0.708	0.267
	FFT(5)	0.720	0.685	0.606	0.394	0.565	0.653	0.702	0.254
	FFT(6)	0.672	0.606	0.562	0.438	0.490	0.588	0.637	0.347
	FFT(7)	0.672	0.606	0.562	0.438	0.490	0.588	0.637	0.347
	The best tree found is: FFT(5)
	| wmc > 7.0	--> 'Bug!'       	False Alarm: 41, Hit: 107
	| 	| loc < 56.0	--> 'Good'   	Correct Rej: 55, Miss: 43
	| 	| 	| noc < 0.0	--> 'Bug!' 	False Alarm: 0, Hit: 0
	| 	| 	| 	| cbo < 5.5	--> 'Good'	Correct Rej: 28, Miss: 21
	| 	| 	| 	| cbo < 5.5	--> 'Bug!'	False Alarm: 13, Hit: 32
	----- CONFUSION MATRIX -----
	TP	FP	TN	FN
	139	54	83	64
	----- PERFORMANCES ON TEST DATA -----
	CLF 	PRE  	REC 	SPE 	FPR 	NPV 	ACC 	F_1 	Dist2Heaven
	FFT(5)	0.720	0.685	0.606	0.394	0.565	0.653	0.702	0.254
	SL    	0.685	0.611	0.584	0.416	0.503	0.600	0.646	0.324
	NB    	0.802	0.399	0.854	0.146	0.490	0.582	0.533	0.383
	EM    	0.761	0.409	0.810	0.190	0.481	0.571	0.532	0.385
	SMO    	0.000	0.000	1.000	0.000	0.403	0.403	0.000	1.000
  ...................... Gini ......................
	----- PERFORMANCES FOR ALL FFTs -----
	CLF 	PRE  	REC 	SPE 	FPR 	NPV 	ACC 	F_1 	Gini
	FFT(0)	0.745	0.591	0.701	0.299	0.536	0.635	0.659	0.230
	FFT(1)	0.597	1.000	0.000	1.000	0.000	0.597	0.748	-0.356
	FFT(2)	0.745	0.591	0.701	0.299	0.536	0.635	0.659	0.230
	FFT(3)	0.597	1.000	0.000	1.000	0.000	0.597	0.748	-0.356
	FFT(4)	0.745	0.591	0.701	0.299	0.536	0.635	0.659	0.230
	FFT(5)	0.597	1.000	0.000	1.000	0.000	0.597	0.748	-0.356
	FFT(6)	0.745	0.591	0.701	0.299	0.536	0.635	0.659	0.230
	FFT(7)	0.597	1.000	0.000	1.000	0.000	0.597	0.748	-0.356
	The best tree found is: FFT(1)
	| rfc > 18.0	--> 'Bug!'      	False Alarm: 41, Hit: 120
	| 	| dit < 1.0	--> 'Bug!'    	False Alarm: 0, Hit: 0
	| 	| 	| dit < 1.0	--> 'Bug!' 	False Alarm: 0, Hit: 0
	| 	| 	| 	| dit < 1.0	--> 'Good'	Correct Rej: 0, Miss: 0
	| 	| 	| 	| dit < 1.0	--> 'Bug!'	False Alarm: 96, Hit: 83
	----- CONFUSION MATRIX -----
	TP	FP	TN	FN
	203	137	0	0
	----- PERFORMANCES ON TEST DATA -----
	CLF 	PRE  	REC 	SPE 	FPR 	NPV 	ACC 	F_1 	Dist2Heaven
	FFT(1)	0.597	1.000	0.000	1.000	0.000	0.597	0.748	1.000
	SL    	0.685	0.611	0.584	0.416	0.503	0.600	0.646	0.324
	NB    	0.802	0.399	0.854	0.146	0.490	0.582	0.533	0.383
	EM    	0.761	0.409	0.810	0.190	0.481	0.571	0.532	0.385
	SMO    	0.000	0.000	1.000	0.000	0.403	0.403	0.000	1.000
  ...................... InfoGain ......................
	----- PERFORMANCES FOR ALL FFTs -----
	CLF 	PRE  	REC 	SPE 	FPR 	NPV 	ACC 	F_1 	InfoGain
	FFT(0)	0.525	0.621	0.168	0.832	0.230	0.438	0.569	-0.036
	FFT(1)	0.597	1.000	0.000	1.000	0.000	0.597	0.748	-0.179
	FFT(2)	0.525	0.621	0.168	0.832	0.230	0.438	0.569	-0.036
	FFT(3)	0.597	1.000	0.000	1.000	0.000	0.597	0.748	-0.179
	FFT(4)	0.525	0.621	0.168	0.832	0.230	0.438	0.569	-0.036
	FFT(5)	0.597	1.000	0.000	1.000	0.000	0.597	0.748	-0.179
	FFT(6)	0.525	0.621	0.168	0.832	0.230	0.438	0.569	-0.036
	FFT(7)	0.597	1.000	0.000	1.000	0.000	0.597	0.748	-0.179
	The best tree found is: FFT(1)
	| wmc < 7.0	--> 'Bug!'       	False Alarm: 83, Hit: 77
	| 	| noc < 0.0	--> 'Bug!'    	False Alarm: 0, Hit: 0
	| 	| 	| noc < 0.0	--> 'Bug!' 	False Alarm: 0, Hit: 0
	| 	| 	| 	| noc < 0.0	--> 'Good'	Correct Rej: 0, Miss: 0
	| 	| 	| 	| noc < 0.0	--> 'Bug!'	False Alarm: 54, Hit: 126
	----- CONFUSION MATRIX -----
	TP	FP	TN	FN
	203	137	0	0
	----- PERFORMANCES ON TEST DATA -----
	CLF 	PRE  	REC 	SPE 	FPR 	NPV 	ACC 	F_1 	Dist2Heaven
	FFT(1)	0.597	1.000	0.000	1.000	0.000	0.597	0.748	1.000
	SL    	0.685	0.611	0.584	0.416	0.503	0.600	0.646	0.324
	NB    	0.802	0.399	0.854	0.146	0.490	0.582	0.533	0.383
	EM    	0.761	0.409	0.810	0.190	0.481	0.571	0.532	0.385
	SMO    	0.000	0.000	1.000	0.000	0.403	0.403	0.000	1.000

~~~~~~~~~~~~~~~~~~~~~~~~~~~~~~~~~~~~~~~~~~~~~~~~
@camel
training on: camel-1.0.csv, camel-1.2.csv, camel-1.4.csv
testing on: camel-1.6.csv
  ...................... Accuracy ......................
	----- PERFORMANCES FOR ALL FFTs -----
	CLF 	PRE  	REC 	SPE 	FPR 	NPV 	ACC 	F_1 	Accuracy
	FFT(0)	0.333	0.207	0.900	0.100	0.824	0.765	0.256	-0.765
	FFT(1)	0.248	0.718	0.474	0.526	0.874	0.521	0.369	-0.521
	FFT(2)	0.333	0.207	0.900	0.100	0.824	0.765	0.256	-0.765
	FFT(3)	0.288	0.479	0.713	0.287	0.850	0.667	0.359	-0.667
	FFT(4)	0.333	0.207	0.900	0.100	0.824	0.765	0.256	-0.765
	FFT(5)	0.288	0.479	0.713	0.287	0.850	0.667	0.359	-0.667
	FFT(6)	0.333	0.207	0.900	0.100	0.824	0.765	0.256	-0.765
	FFT(7)	0.308	0.383	0.792	0.208	0.841	0.712	0.341	-0.712
	The best tree found is: FFT(0)
	| noc > 0.0	--> 'Bug!'       	False Alarm: 78, Hit: 39
	| 	| noc > 0.0	--> 'Bug!'    	False Alarm: 0, Hit: 0
	| 	| 	| noc > 0.0	--> 'Bug!' 	False Alarm: 0, Hit: 0
	| 	| 	| 	| noc > 0.0	--> 'Bug!'	False Alarm: 0, Hit: 0
	| 	| 	| 	| noc > 0.0	--> 'Good'	Correct Rej: 699, Miss: 149
	----- CONFUSION MATRIX -----
	TP	FP	TN	FN
	39	78	699	149
	----- PERFORMANCES ON TEST DATA -----
	CLF 	PRE  	REC 	SPE 	FPR 	NPV 	ACC 	F_1 	Dist2Heaven
	FFT(0)	0.333	0.207	0.900	0.100	0.824	0.765	0.256	0.639
	SL    	0.448	0.160	0.952	0.048	0.824	0.798	0.235	0.708
	NB    	0.344	0.277	0.873	0.127	0.833	0.756	0.307	0.539
	EM    	0.292	0.431	0.748	0.252	0.844	0.686	0.348	0.387
	SMO    	0.000	0.000	0.979	0.021	0.802	0.789	0.000	1.000
  ...................... Dist2Heaven ......................
	----- PERFORMANCES FOR ALL FFTs -----
	CLF 	PRE  	REC 	SPE 	FPR 	NPV 	ACC 	F_1 	Dist2Heaven
	FFT(0)	0.213	0.846	0.243	0.757	0.867	0.361	0.340	0.597
	FFT(1)	0.208	0.936	0.139	0.861	0.900	0.294	0.341	0.745
	FFT(2)	0.219	0.734	0.368	0.632	0.851	0.439	0.338	0.470
	FFT(3)	0.208	0.803	0.259	0.741	0.845	0.365	0.330	0.588
	FFT(4)	0.243	0.596	0.552	0.448	0.850	0.561	0.346	0.364
	FFT(5)	0.223	0.734	0.381	0.619	0.855	0.450	0.342	0.454
	FFT(6)	0.232	0.617	0.507	0.493	0.845	0.528	0.338	0.390
	FFT(7)	0.232	0.670	0.462	0.538	0.853	0.503	0.344	0.398
	The best tree found is: FFT(4)
	| wmc > 5.0	--> 'Bug!'       	False Alarm: 348, Hit: 112
	| 	| lcom < 1.0	--> 'Good'   	Correct Rej: 177, Miss: 35
	| 	| 	| noc < 0.0	--> 'Bug!' 	False Alarm: 0, Hit: 0
	| 	| 	| 	| noc < 0.0	--> 'Bug!'	False Alarm: 0, Hit: 0
	| 	| 	| 	| noc < 0.0	--> 'Good'	Correct Rej: 252, Miss: 41
	----- CONFUSION MATRIX -----
	TP	FP	TN	FN
	112	348	429	76
	----- PERFORMANCES ON TEST DATA -----
	CLF 	PRE  	REC 	SPE 	FPR 	NPV 	ACC 	F_1 	Dist2Heaven
	FFT(4)	0.243	0.596	0.552	0.448	0.850	0.561	0.346	0.364
	SL    	0.448	0.160	0.952	0.048	0.824	0.798	0.235	0.708
	NB    	0.344	0.277	0.873	0.127	0.833	0.756	0.307	0.539
	EM    	0.292	0.431	0.748	0.252	0.844	0.686	0.348	0.387
	SMO    	0.000	0.000	0.979	0.021	0.802	0.789	0.000	1.000
  ...................... Gini ......................
	----- PERFORMANCES FOR ALL FFTs -----
	CLF 	PRE  	REC 	SPE 	FPR 	NPV 	ACC 	F_1 	Gini
	FFT(0)	0.333	0.207	0.900	0.100	0.824	0.765	0.256	0.858
	FFT(1)	0.195	1.000	0.000	1.000	0.000	0.195	0.326	-0.038
	FFT(2)	0.333	0.207	0.900	0.100	0.824	0.765	0.256	0.858
	FFT(3)	0.195	1.000	0.000	1.000	0.000	0.195	0.326	-0.038
	FFT(4)	0.333	0.207	0.900	0.100	0.824	0.765	0.256	0.858
	FFT(5)	0.195	1.000	0.000	1.000	0.000	0.195	0.326	-0.038
	FFT(6)	0.333	0.207	0.900	0.100	0.824	0.765	0.256	0.858
	FFT(7)	0.195	1.000	0.000	1.000	0.000	0.195	0.326	-0.038
	The best tree found is: FFT(1)
	| noc > 0.0	--> 'Bug!'       	False Alarm: 78, Hit: 39
	| 	| noc > 0.0	--> 'Bug!'    	False Alarm: 0, Hit: 0
	| 	| 	| noc > 0.0	--> 'Bug!' 	False Alarm: 0, Hit: 0
	| 	| 	| 	| noc > 0.0	--> 'Good'	Correct Rej: 0, Miss: 0
	| 	| 	| 	| noc > 0.0	--> 'Bug!'	False Alarm: 699, Hit: 149
	----- CONFUSION MATRIX -----
	TP	FP	TN	FN
	188	777	0	0
	----- PERFORMANCES ON TEST DATA -----
	CLF 	PRE  	REC 	SPE 	FPR 	NPV 	ACC 	F_1 	Dist2Heaven
	FFT(1)	0.195	1.000	0.000	1.000	0.000	0.195	0.326	1.000
	SL    	0.448	0.160	0.952	0.048	0.824	0.798	0.235	0.708
	NB    	0.344	0.277	0.873	0.127	0.833	0.756	0.307	0.539
	EM    	0.292	0.431	0.748	0.252	0.844	0.686	0.348	0.387
	SMO    	0.000	0.000	0.979	0.021	0.802	0.789	0.000	1.000
  ...................... InfoGain ......................
	----- PERFORMANCES FOR ALL FFTs -----
	CLF 	PRE  	REC 	SPE 	FPR 	NPV 	ACC 	F_1 	InfoGain
	FFT(0)	0.216	0.931	0.180	0.820	0.915	0.326	0.350	-0.123
	FFT(1)	0.195	1.000	0.000	1.000	0.000	0.195	0.326	-0.37
	FFT(2)	0.216	0.931	0.181	0.819	0.916	0.327	0.350	-0.125
	FFT(3)	0.195	1.000	0.000	1.000	0.000	0.195	0.326	-0.37
	FFT(4)	0.216	0.931	0.181	0.819	0.916	0.327	0.350	-0.125
	FFT(5)	0.195	1.000	0.000	1.000	0.000	0.195	0.326	-0.37
	FFT(6)	0.226	0.862	0.284	0.716	0.895	0.397	0.358	-0.09
	FFT(7)	0.195	1.000	0.000	1.000	0.000	0.195	0.326	-0.37
	The best tree found is: FFT(1)
	| amc > 8.25	--> 'Bug!'      	False Alarm: 356, Hit: 124
	| 	| wmc > 4.0	--> 'Bug!'    	False Alarm: 177, Hit: 37
	| 	| 	| dit < 1.0	--> 'Bug!' 	False Alarm: 7, Hit: 0
	| 	| 	| 	| dit < 1.0	--> 'Good'	Correct Rej: 0, Miss: 0
	| 	| 	| 	| dit < 1.0	--> 'Bug!'	False Alarm: 237, Hit: 27
	----- CONFUSION MATRIX -----
	TP	FP	TN	FN
	188	777	0	0
	----- PERFORMANCES ON TEST DATA -----
	CLF 	PRE  	REC 	SPE 	FPR 	NPV 	ACC 	F_1 	Dist2Heaven
	FFT(1)	0.195	1.000	0.000	1.000	0.000	0.195	0.326	1.000
	SL    	0.448	0.160	0.952	0.048	0.824	0.798	0.235	0.708
	NB    	0.344	0.277	0.873	0.127	0.833	0.756	0.307	0.539
	EM    	0.292	0.431	0.748	0.252	0.844	0.686	0.348	0.387
	SMO    	0.000	0.000	0.979	0.021	0.802	0.789	0.000	1.000

~~~~~~~~~~~~~~~~~~~~~~~~~~~~~~~~~~~~~~~~~~~~~~~~
@log4j
training on: log4j-1.0.csv, log4j-1.1.csv
testing on: log4j-1.2.csv
  ...................... Accuracy ......................
	----- PERFORMANCES FOR ALL FFTs -----
	CLF 	PRE  	REC 	SPE 	FPR 	NPV 	ACC 	F_1 	Accuracy
	FFT(0)	0.977	0.450	0.875	0.125	0.119	0.483	0.616	-0.483
	FFT(1)	0.944	0.720	0.500	0.500	0.131	0.702	0.817	-0.702
	FFT(2)	0.973	0.571	0.813	0.188	0.138	0.590	0.720	-0.59
	FFT(3)	0.964	0.566	0.750	0.250	0.128	0.580	0.713	-0.58
	FFT(4)	0.973	0.571	0.813	0.188	0.138	0.590	0.720	-0.59
	FFT(5)	0.964	0.566	0.750	0.250	0.128	0.580	0.713	-0.58
	FFT(6)	0.979	0.497	0.875	0.125	0.128	0.527	0.660	-0.527
	FFT(7)	0.970	0.519	0.813	0.188	0.125	0.541	0.676	-0.541
	The best tree found is: FFT(1)
	| dam > 0.0	--> 'Bug!'       	False Alarm: 2, Hit: 85
	| 	| dit < 1.0	--> 'Bug!'    	False Alarm: 0, Hit: 0
	| 	| 	| dit < 1.0	--> 'Bug!' 	False Alarm: 0, Hit: 0
	| 	| 	| 	| cbo < 4.0	--> 'Good'	Correct Rej: 8, Miss: 53
	| 	| 	| 	| cbo < 4.0	--> 'Bug!'	False Alarm: 6, Hit: 51
	----- CONFUSION MATRIX -----
	TP	FP	TN	FN
	136	8	8	53
	----- PERFORMANCES ON TEST DATA -----
	CLF 	PRE  	REC 	SPE 	FPR 	NPV 	ACC 	F_1 	Dist2Heaven
	FFT(1)	0.944	0.720	0.500	0.500	0.131	0.702	0.817	0.328
	SL    	0.980	0.254	0.938	0.063	0.096	0.307	0.403	0.560
	NB    	0.965	0.291	0.875	0.125	0.095	0.337	0.447	0.518
	EM    	0.903	0.344	0.563	0.438	0.068	0.361	0.498	0.622
	SMO    	0.969	0.333	0.875	0.125	0.100	0.376	0.496	0.461
  ...................... Dist2Heaven ......................
	----- PERFORMANCES FOR ALL FFTs -----
	CLF 	PRE  	REC 	SPE 	FPR 	NPV 	ACC 	F_1 	Dist2Heaven
	FFT(0)	0.948	0.767	0.500	0.500	0.154	0.746	0.848	0.304
	FFT(1)	0.938	0.884	0.313	0.688	0.185	0.839	0.910	0.487
	FFT(2)	0.938	0.646	0.500	0.500	0.107	0.634	0.765	0.375
	FFT(3)	0.928	0.746	0.313	0.688	0.094	0.712	0.827	0.538
	FFT(4)	0.948	0.487	0.688	0.313	0.102	0.502	0.643	0.361
	FFT(5)	0.937	0.624	0.500	0.500	0.101	0.615	0.749	0.391
	FFT(6)	0.955	0.566	0.688	0.313	0.118	0.576	0.711	0.286
	FFT(7)	0.938	0.561	0.563	0.438	0.098	0.561	0.702	0.385
	The best tree found is: FFT(6)
	| wmc > 6.0	--> 'Bug!'       	False Alarm: 5, Hit: 92
	| 	| loc < 57.0	--> 'Good'   	Correct Rej: 5, Miss: 54
	| 	| 	| rfc < 17.0	--> 'Good'	Correct Rej: 4, Miss: 17
	| 	| 	| 	| dam > 0.0	--> 'Bug!'	False Alarm: 0, Hit: 15
	| 	| 	| 	| dam > 0.0	--> 'Good'	Correct Rej: 2, Miss: 11
	----- CONFUSION MATRIX -----
	TP	FP	TN	FN
	107	5	11	82
	----- PERFORMANCES ON TEST DATA -----
	CLF 	PRE  	REC 	SPE 	FPR 	NPV 	ACC 	F_1 	Dist2Heaven
	FFT(6)	0.955	0.566	0.688	0.313	0.118	0.576	0.711	0.286
	SL    	0.980	0.254	0.938	0.063	0.096	0.307	0.403	0.560
	NB    	0.965	0.291	0.875	0.125	0.095	0.337	0.447	0.518
	EM    	0.903	0.344	0.563	0.438	0.068	0.361	0.498	0.622
	SMO    	0.969	0.333	0.875	0.125	0.100	0.376	0.496	0.461
  ...................... Gini ......................
	----- PERFORMANCES FOR ALL FFTs -----
	CLF 	PRE  	REC 	SPE 	FPR 	NPV 	ACC 	F_1 	Gini
	FFT(0)	0.977	0.450	0.875	0.125	0.119	0.483	0.616	-0.731
	FFT(1)	0.922	1.000	0.000	1.000	0.000	0.922	0.959	-0.85
	FFT(2)	0.977	0.450	0.875	0.125	0.119	0.483	0.616	-0.731
	FFT(3)	0.922	1.000	0.000	1.000	0.000	0.922	0.959	-0.85
	FFT(4)	0.977	0.450	0.875	0.125	0.119	0.483	0.616	-0.731
	FFT(5)	0.922	1.000	0.000	1.000	0.000	0.922	0.959	-0.85
	FFT(6)	0.977	0.450	0.875	0.125	0.119	0.483	0.616	-0.731
	FFT(7)	0.922	1.000	0.000	1.000	0.000	0.922	0.959	-0.85
	The best tree found is: FFT(1)
	| dam > 0.0	--> 'Bug!'       	False Alarm: 2, Hit: 85
	| 	| dit < 1.0	--> 'Bug!'    	False Alarm: 0, Hit: 0
	| 	| 	| dit < 1.0	--> 'Bug!' 	False Alarm: 0, Hit: 0
	| 	| 	| 	| dit < 1.0	--> 'Good'	Correct Rej: 0, Miss: 0
	| 	| 	| 	| dit < 1.0	--> 'Bug!'	False Alarm: 14, Hit: 104
	----- CONFUSION MATRIX -----
	TP	FP	TN	FN
	189	16	0	0
	----- PERFORMANCES ON TEST DATA -----
	CLF 	PRE  	REC 	SPE 	FPR 	NPV 	ACC 	F_1 	Dist2Heaven
	FFT(1)	0.922	1.000	0.000	1.000	0.000	0.922	0.959	1.000
	SL    	0.980	0.254	0.938	0.063	0.096	0.307	0.403	0.560
	NB    	0.965	0.291	0.875	0.125	0.095	0.337	0.447	0.518
	EM    	0.903	0.344	0.563	0.438	0.068	0.361	0.498	0.622
	SMO    	0.969	0.333	0.875	0.125	0.100	0.376	0.496	0.461
  ...................... InfoGain ......................
	----- PERFORMANCES FOR ALL FFTs -----
	CLF 	PRE  	REC 	SPE 	FPR 	NPV 	ACC 	F_1 	InfoGain
	FFT(0)	0.907	0.778	0.063	0.938	0.023	0.722	0.838	0.012
	FFT(1)	0.922	1.000	0.000	1.000	0.000	0.922	0.959	-0.008
	FFT(2)	0.907	0.778	0.063	0.938	0.023	0.722	0.838	0.012
	FFT(3)	0.922	1.000	0.000	1.000	0.000	0.922	0.959	-0.008
	FFT(4)	0.907	0.778	0.063	0.938	0.023	0.722	0.838	0.012
	FFT(5)	0.922	1.000	0.000	1.000	0.000	0.922	0.959	-0.008
	FFT(6)	0.935	0.683	0.438	0.563	0.104	0.663	0.789	-0.013
	FFT(7)	0.922	1.000	0.000	1.000	0.000	0.922	0.959	-0.008
	The best tree found is: FFT(6)
	| ca < 1.0	--> 'Bug!'        	False Alarm: 6, Hit: 52
	| 	| dit < 1.0	--> 'Good'    	Correct Rej: 0, Miss: 0
	| 	| 	| dit < 1.0	--> 'Good' 	Correct Rej: 0, Miss: 0
	| 	| 	| 	| loc > 88.0	--> 'Bug!'	False Alarm: 3, Hit: 77
	| 	| 	| 	| loc > 88.0	--> 'Good'	Correct Rej: 7, Miss: 60
	----- CONFUSION MATRIX -----
	TP	FP	TN	FN
	129	9	7	60
	----- PERFORMANCES ON TEST DATA -----
	CLF 	PRE  	REC 	SPE 	FPR 	NPV 	ACC 	F_1 	Dist2Heaven
	FFT(6)	0.935	0.683	0.438	0.563	0.104	0.663	0.789	0.417
	SL    	0.980	0.254	0.938	0.063	0.096	0.307	0.403	0.560
	NB    	0.965	0.291	0.875	0.125	0.095	0.337	0.447	0.518
	EM    	0.903	0.344	0.563	0.438	0.068	0.361	0.498	0.622
	SMO    	0.969	0.333	0.875	0.125	0.100	0.376	0.496	0.461

~~~~~~~~~~~~~~~~~~~~~~~~~~~~~~~~~~~~~~~~~~~~~~~~
@xerces
training on: xerces-1.2.csv, xerces-1.3.csv
testing on: xerces-1.4.csv
  ...................... Accuracy ......................
	----- PERFORMANCES FOR ALL FFTs -----
	CLF 	PRE  	REC 	SPE 	FPR 	NPV 	ACC 	F_1 	Accuracy
	FFT(0)	0.889	0.146	0.947	0.053	0.277	0.352	0.251	-0.352
	FFT(1)	0.899	0.689	0.775	0.225	0.462	0.711	0.780	-0.711
	FFT(2)	0.889	0.146	0.947	0.053	0.277	0.352	0.251	-0.352
	FFT(3)	0.896	0.412	0.861	0.139	0.336	0.527	0.564	-0.527
	FFT(4)	0.889	0.146	0.947	0.053	0.277	0.352	0.251	-0.352
	FFT(5)	0.896	0.412	0.861	0.139	0.336	0.527	0.564	-0.527
	FFT(6)	0.889	0.146	0.947	0.053	0.277	0.352	0.251	-0.352
	FFT(7)	0.946	0.364	0.940	0.060	0.338	0.512	0.526	-0.512
	The best tree found is: FFT(1)
	| noc > 0.0	--> 'Bug!'       	False Alarm: 8, Hit: 64
	| 	| dit < 1.0	--> 'Bug!'    	False Alarm: 0, Hit: 0
	| 	| 	| dit < 1.0	--> 'Bug!' 	False Alarm: 0, Hit: 0
	| 	| 	| 	| amc < 4.592592593	--> 'Good'	Correct Rej: 117, Miss: 136
	| 	| 	| 	| amc < 4.592592593	--> 'Bug!'	False Alarm: 26, Hit: 237
	----- CONFUSION MATRIX -----
	TP	FP	TN	FN
	301	34	117	136
	----- PERFORMANCES ON TEST DATA -----
	CLF 	PRE  	REC 	SPE 	FPR 	NPV 	ACC 	F_1 	Dist2Heaven
	FFT(1)	0.899	0.689	0.775	0.225	0.462	0.711	0.780	0.147
	SL    	1.000	0.037	1.000	0.000	0.264	0.284	0.071	0.927
	NB    	0.955	0.146	0.980	0.020	0.284	0.361	0.254	0.730
	EM    	0.863	0.302	0.861	0.139	0.299	0.446	0.447	0.507
	SMO    	0.824	0.032	0.980	0.020	0.259	0.276	0.062	0.937
  ...................... Dist2Heaven ......................
	----- PERFORMANCES FOR ALL FFTs -----
	CLF 	PRE  	REC 	SPE 	FPR 	NPV 	ACC 	F_1 	Dist2Heaven
	FFT(0)	0.779	0.849	0.305	0.695	0.411	0.709	0.813	0.506
	FFT(1)	0.762	0.936	0.152	0.848	0.451	0.735	0.840	0.723
	FFT(2)	0.783	0.751	0.397	0.603	0.355	0.660	0.766	0.426
	FFT(3)	0.757	0.769	0.285	0.715	0.299	0.645	0.763	0.565
	FFT(4)	0.785	0.558	0.556	0.444	0.303	0.558	0.652	0.392
	FFT(5)	0.776	0.609	0.490	0.510	0.302	0.578	0.682	0.413
	FFT(6)	0.765	0.499	0.556	0.444	0.277	0.514	0.604	0.448
	FFT(7)	0.757	0.519	0.517	0.483	0.271	0.519	0.616	0.465
	The best tree found is: FFT(4)
	| wmc > 7.0	--> 'Bug!'       	False Alarm: 58, Hit: 195
	| 	| lcom > 2.5	--> 'Good'   	Correct Rej: 38, Miss: 127
	| 	| 	| dit < 1.0	--> 'Bug!' 	False Alarm: 0, Hit: 0
	| 	| 	| 	| wmc > 2.0	--> 'Bug!'	False Alarm: 9, Hit: 49
	| 	| 	| 	| wmc > 2.0	--> 'Good'	Correct Rej: 46, Miss: 66
	----- CONFUSION MATRIX -----
	TP	FP	TN	FN
	244	67	84	193
	----- PERFORMANCES ON TEST DATA -----
	CLF 	PRE  	REC 	SPE 	FPR 	NPV 	ACC 	F_1 	Dist2Heaven
	FFT(4)	0.785	0.558	0.556	0.444	0.303	0.558	0.652	0.392
	SL    	1.000	0.037	1.000	0.000	0.264	0.284	0.071	0.927
	NB    	0.955	0.146	0.980	0.020	0.284	0.361	0.254	0.730
	EM    	0.863	0.302	0.861	0.139	0.299	0.446	0.447	0.507
	SMO    	0.824	0.032	0.980	0.020	0.259	0.276	0.062	0.937
  ...................... Gini ......................
	----- PERFORMANCES FOR ALL FFTs -----
	CLF 	PRE  	REC 	SPE 	FPR 	NPV 	ACC 	F_1 	Gini
	FFT(0)	0.889	0.146	0.947	0.053	0.277	0.352	0.251	-0.313
	FFT(1)	0.743	1.000	0.000	1.000	0.000	0.743	0.853	-0.552
	FFT(2)	0.889	0.146	0.947	0.053	0.277	0.352	0.251	-0.313
	FFT(3)	0.743	1.000	0.000	1.000	0.000	0.743	0.853	-0.552
	FFT(4)	0.889	0.146	0.947	0.053	0.277	0.352	0.251	-0.313
	FFT(5)	0.743	1.000	0.000	1.000	0.000	0.743	0.853	-0.552
	FFT(6)	0.889	0.146	0.947	0.053	0.277	0.352	0.251	-0.313
	FFT(7)	0.743	1.000	0.000	1.000	0.000	0.743	0.853	-0.552
	The best tree found is: FFT(1)
	| noc > 0.0	--> 'Bug!'       	False Alarm: 8, Hit: 64
	| 	| dit < 1.0	--> 'Bug!'    	False Alarm: 0, Hit: 0
	| 	| 	| dit < 1.0	--> 'Bug!' 	False Alarm: 0, Hit: 0
	| 	| 	| 	| dit < 1.0	--> 'Good'	Correct Rej: 0, Miss: 0
	| 	| 	| 	| dit < 1.0	--> 'Bug!'	False Alarm: 143, Hit: 373
	----- CONFUSION MATRIX -----
	TP	FP	TN	FN
	437	151	0	0
	----- PERFORMANCES ON TEST DATA -----
	CLF 	PRE  	REC 	SPE 	FPR 	NPV 	ACC 	F_1 	Dist2Heaven
	FFT(1)	0.743	1.000	0.000	1.000	0.000	0.743	0.853	1.000
	SL    	1.000	0.037	1.000	0.000	0.264	0.284	0.071	0.927
	NB    	0.955	0.146	0.980	0.020	0.284	0.361	0.254	0.730
	EM    	0.863	0.302	0.861	0.139	0.299	0.446	0.447	0.507
	SMO    	0.824	0.032	0.980	0.020	0.259	0.276	0.062	0.937
  ...................... InfoGain ......................
	----- PERFORMANCES FOR ALL FFTs -----
	CLF 	PRE  	REC 	SPE 	FPR 	NPV 	ACC 	F_1 	InfoGain
	FFT(0)	0.626	0.563	0.026	0.974	0.021	0.425	0.593	0.004
	FFT(1)	0.743	1.000	0.000	1.000	0.000	0.743	0.853	-0.082
	FFT(2)	0.626	0.563	0.026	0.974	0.021	0.425	0.593	0.004
	FFT(3)	0.743	1.000	0.000	1.000	0.000	0.743	0.853	-0.082
	FFT(4)	0.626	0.563	0.026	0.974	0.021	0.425	0.593	0.004
	FFT(5)	0.743	1.000	0.000	1.000	0.000	0.743	0.853	-0.082
	FFT(6)	0.626	0.563	0.026	0.974	0.021	0.425	0.593	0.004
	FFT(7)	0.743	1.000	0.000	1.000	0.000	0.743	0.853	-0.082
	The best tree found is: FFT(1)
	| ca > 1.0	--> 'Bug!'        	False Alarm: 17, Hit: 218
	| 	| dit < 1.0	--> 'Bug!'    	False Alarm: 0, Hit: 0
	| 	| 	| dit < 1.0	--> 'Bug!' 	False Alarm: 0, Hit: 0
	| 	| 	| 	| dit < 1.0	--> 'Good'	Correct Rej: 0, Miss: 0
	| 	| 	| 	| dit < 1.0	--> 'Bug!'	False Alarm: 134, Hit: 219
	----- CONFUSION MATRIX -----
	TP	FP	TN	FN
	437	151	0	0
	----- PERFORMANCES ON TEST DATA -----
	CLF 	PRE  	REC 	SPE 	FPR 	NPV 	ACC 	F_1 	Dist2Heaven
	FFT(1)	0.743	1.000	0.000	1.000	0.000	0.743	0.853	1.000
	SL    	1.000	0.037	1.000	0.000	0.264	0.284	0.071	0.927
	NB    	0.955	0.146	0.980	0.020	0.284	0.361	0.254	0.730
	EM    	0.863	0.302	0.861	0.139	0.299	0.446	0.447	0.507
	SMO    	0.824	0.032	0.980	0.020	0.259	0.276	0.062	0.937

~~~~~~~~~~~~~~~~~~~~~~~~~~~~~~~~~~~~~~~~~~~~~~~~
@velocity
training on: velocity-1.4.csv, velocity-1.5.csv
testing on: velocity-1.6.csv
  ...................... Accuracy ......................
	----- PERFORMANCES FOR ALL FFTs -----
	CLF 	PRE  	REC 	SPE 	FPR 	NPV 	ACC 	F_1 	Accuracy
	FFT(0)	0.463	0.718	0.570	0.430	0.796	0.620	0.563	-0.62
	FFT(1)	0.363	0.949	0.139	0.861	0.840	0.415	0.525	-0.415
	FFT(2)	0.463	0.718	0.570	0.430	0.796	0.620	0.563	-0.62
	FFT(3)	0.363	0.949	0.139	0.861	0.840	0.415	0.525	-0.415
	FFT(4)	0.463	0.718	0.570	0.430	0.796	0.620	0.563	-0.62
	FFT(5)	0.363	0.949	0.139	0.861	0.840	0.415	0.525	-0.415
	FFT(6)	0.463	0.718	0.570	0.430	0.796	0.620	0.563	-0.62
	FFT(7)	0.363	0.949	0.139	0.861	0.840	0.415	0.525	-0.415
	The best tree found is: FFT(0)
	| noc > 0.0	--> 'Bug!'       	False Alarm: 13, Hit: 13
	| 	| noc > 0.0	--> 'Bug!'    	False Alarm: 0, Hit: 0
	| 	| 	| noc > 0.0	--> 'Bug!' 	False Alarm: 0, Hit: 0
	| 	| 	| 	| loc > 86.0	--> 'Bug!'	False Alarm: 52, Hit: 43
	| 	| 	| 	| loc > 86.0	--> 'Good'	Correct Rej: 86, Miss: 22
	----- CONFUSION MATRIX -----
	TP	FP	TN	FN
	56	65	86	22
	----- PERFORMANCES ON TEST DATA -----
	CLF 	PRE  	REC 	SPE 	FPR 	NPV 	ACC 	F_1 	Dist2Heaven
	FFT(0)	0.463	0.718	0.570	0.430	0.796	0.620	0.563	0.264
	SL    	0.367	0.974	0.132	0.868	0.909	0.419	0.533	0.754
	NB    	0.436	0.782	0.477	0.523	0.809	0.581	0.560	0.321
	EM    	0.532	0.321	0.854	0.146	0.709	0.672	0.400	0.482
	SMO    	0.354	0.897	0.152	0.848	0.742	0.406	0.507	0.730
  ...................... Dist2Heaven ......................
	----- PERFORMANCES FOR ALL FFTs -----
	CLF 	PRE  	REC 	SPE 	FPR 	NPV 	ACC 	F_1 	Dist2Heaven
	FFT(0)	0.426	0.885	0.384	0.616	0.866	0.555	0.575	0.393
	FFT(1)	0.373	0.974	0.152	0.848	0.920	0.432	0.539	0.720
	FFT(2)	0.434	0.795	0.464	0.536	0.814	0.576	0.561	0.329
	FFT(3)	0.393	0.872	0.305	0.695	0.821	0.498	0.542	0.499
	FFT(4)	0.432	0.692	0.530	0.470	0.769	0.585	0.532	0.316
	FFT(5)	0.421	0.679	0.517	0.483	0.757	0.572	0.520	0.336
	FFT(6)	0.439	0.692	0.543	0.457	0.774	0.594	0.537	0.304
	FFT(7)	0.440	0.705	0.536	0.464	0.779	0.594	0.542	0.302
	The best tree found is: FFT(7)
	| wmc > 5.0	--> 'Bug!'       	False Alarm: 51, Hit: 46
	| 	| ca < 3.0	--> 'Good'     	Correct Rej: 49, Miss: 17
	| 	| 	| noc < 0.0	--> 'Good' 	Correct Rej: 0, Miss: 0
	| 	| 	| 	| loc < 37.0	--> 'Good'	Correct Rej: 32, Miss: 6
	| 	| 	| 	| loc < 37.0	--> 'Bug!'	False Alarm: 19, Hit: 9
	----- CONFUSION MATRIX -----
	TP	FP	TN	FN
	55	70	81	23
	----- PERFORMANCES ON TEST DATA -----
	CLF 	PRE  	REC 	SPE 	FPR 	NPV 	ACC 	F_1 	Dist2Heaven
	FFT(7)	0.440	0.705	0.536	0.464	0.779	0.594	0.542	0.302
	SL    	0.367	0.974	0.132	0.868	0.909	0.419	0.533	0.754
	NB    	0.436	0.782	0.477	0.523	0.809	0.581	0.560	0.321
	EM    	0.532	0.321	0.854	0.146	0.709	0.672	0.400	0.482
	SMO    	0.354	0.897	0.152	0.848	0.742	0.406	0.507	0.730
  ...................... Gini ......................
	----- PERFORMANCES FOR ALL FFTs -----
	CLF 	PRE  	REC 	SPE 	FPR 	NPV 	ACC 	F_1 	Gini
	FFT(0)	0.500	0.167	0.914	0.086	0.680	0.659	0.250	0.648
	FFT(1)	0.341	1.000	0.000	1.000	0.000	0.341	0.508	-0.116
	FFT(2)	0.500	0.167	0.914	0.086	0.680	0.659	0.250	0.648
	FFT(3)	0.341	1.000	0.000	1.000	0.000	0.341	0.508	-0.116
	FFT(4)	0.500	0.167	0.914	0.086	0.680	0.659	0.250	0.648
	FFT(5)	0.341	1.000	0.000	1.000	0.000	0.341	0.508	-0.116
	FFT(6)	0.500	0.167	0.914	0.086	0.680	0.659	0.250	0.648
	FFT(7)	0.341	1.000	0.000	1.000	0.000	0.341	0.508	-0.116
	The best tree found is: FFT(1)
	| noc > 0.0	--> 'Bug!'       	False Alarm: 13, Hit: 13
	| 	| noc > 0.0	--> 'Bug!'    	False Alarm: 0, Hit: 0
	| 	| 	| noc > 0.0	--> 'Bug!' 	False Alarm: 0, Hit: 0
	| 	| 	| 	| noc > 0.0	--> 'Good'	Correct Rej: 0, Miss: 0
	| 	| 	| 	| noc > 0.0	--> 'Bug!'	False Alarm: 138, Hit: 65
	----- CONFUSION MATRIX -----
	TP	FP	TN	FN
	78	151	0	0
	----- PERFORMANCES ON TEST DATA -----
	CLF 	PRE  	REC 	SPE 	FPR 	NPV 	ACC 	F_1 	Dist2Heaven
	FFT(1)	0.341	1.000	0.000	1.000	0.000	0.341	0.508	1.000
	SL    	0.367	0.974	0.132	0.868	0.909	0.419	0.533	0.754
	NB    	0.436	0.782	0.477	0.523	0.809	0.581	0.560	0.321
	EM    	0.532	0.321	0.854	0.146	0.709	0.672	0.400	0.482
	SMO    	0.354	0.897	0.152	0.848	0.742	0.406	0.507	0.730
  ...................... InfoGain ......................
	----- PERFORMANCES FOR ALL FFTs -----
	CLF 	PRE  	REC 	SPE 	FPR 	NPV 	ACC 	F_1 	InfoGain
	FFT(0)	0.424	0.679	0.523	0.477	0.760	0.576	0.522	-0.025
	FFT(1)	0.341	1.000	0.000	1.000	0.000	0.341	0.508	-0.349
	FFT(2)	0.424	0.679	0.523	0.477	0.760	0.576	0.522	-0.025
	FFT(3)	0.341	1.000	0.000	1.000	0.000	0.341	0.508	-0.349
	FFT(4)	0.424	0.679	0.523	0.477	0.760	0.576	0.522	-0.025
	FFT(5)	0.341	1.000	0.000	1.000	0.000	0.341	0.508	-0.349
	FFT(6)	0.424	0.679	0.523	0.477	0.760	0.576	0.522	-0.025
	FFT(7)	0.341	1.000	0.000	1.000	0.000	0.341	0.508	-0.349
	The best tree found is: FFT(1)
	| dit > 2.0	--> 'Bug!'       	False Alarm: 23, Hit: 4
	| 	| dit < 1.0	--> 'Bug!'    	False Alarm: 0, Hit: 0
	| 	| 	| dit < 1.0	--> 'Bug!' 	False Alarm: 0, Hit: 0
	| 	| 	| 	| dit < 1.0	--> 'Good'	Correct Rej: 0, Miss: 0
	| 	| 	| 	| dit < 1.0	--> 'Bug!'	False Alarm: 128, Hit: 74
	----- CONFUSION MATRIX -----
	TP	FP	TN	FN
	78	151	0	0
	----- PERFORMANCES ON TEST DATA -----
	CLF 	PRE  	REC 	SPE 	FPR 	NPV 	ACC 	F_1 	Dist2Heaven
	FFT(1)	0.341	1.000	0.000	1.000	0.000	0.341	0.508	1.000
	SL    	0.367	0.974	0.132	0.868	0.909	0.419	0.533	0.754
	NB    	0.436	0.782	0.477	0.523	0.809	0.581	0.560	0.321
	EM    	0.532	0.321	0.854	0.146	0.709	0.672	0.400	0.482
	SMO    	0.354	0.897	0.152	0.848	0.742	0.406	0.507	0.730

~~~~~~~~~~~~~~~~~~~~~~~~~~~~~~~~~~~~~~~~~~~~~~~~
@xalan
training on: xalan-2.4.csv, xalan-2.5.csv, xalan-2.6.csv
testing on: xalan-2.7.csv
  ...................... Accuracy ......................
	----- PERFORMANCES FOR ALL FFTs -----
	CLF 	PRE  	REC 	SPE 	FPR 	NPV 	ACC 	F_1 	Accuracy
	FFT(0)	0.998	0.552	0.909	0.091	0.024	0.557	0.711	-0.557
	FFT(1)	0.996	0.777	0.727	0.273	0.038	0.777	0.873	-0.777
	FFT(2)	0.998	0.572	0.909	0.091	0.025	0.576	0.728	-0.576
	FFT(3)	0.998	0.677	0.909	0.091	0.033	0.680	0.807	-0.68
	FFT(4)	0.998	0.572	0.909	0.091	0.025	0.576	0.728	-0.576
	FFT(5)	0.998	0.677	0.909	0.091	0.033	0.680	0.807	-0.68
	FFT(6)	0.998	0.567	0.909	0.091	0.025	0.571	0.723	-0.571
	FFT(7)	0.998	0.625	0.909	0.091	0.029	0.628	0.768	-0.628
	The best tree found is: FFT(1)
	| loc > 141.0	--> 'Bug!'     	False Alarm: 1, Hit: 496
	| 	| noc < 0.0	--> 'Bug!'    	False Alarm: 0, Hit: 0
	| 	| 	| noc < 0.0	--> 'Bug!' 	False Alarm: 0, Hit: 0
	| 	| 	| 	| amc < 7.866666667	--> 'Good'	Correct Rej: 8, Miss: 200
	| 	| 	| 	| amc < 7.866666667	--> 'Bug!'	False Alarm: 2, Hit: 202
	----- CONFUSION MATRIX -----
	TP	FP	TN	FN
	698	3	8	200
	----- PERFORMANCES ON TEST DATA -----
	CLF 	PRE  	REC 	SPE 	FPR 	NPV 	ACC 	F_1 	Dist2Heaven
	FFT(1)	0.996	0.777	0.727	0.273	0.038	0.777	0.873	0.124
	SL    	1.000	0.218	1.000	0.000	0.015	0.228	0.358	0.612
	NB    	1.000	0.216	1.000	0.000	0.015	0.226	0.355	0.615
	EM    	0.982	0.609	0.091	0.909	0.003	0.603	0.752	0.979
	SMO    	1.000	0.040	1.000	0.000	0.013	0.052	0.077	0.922
  ...................... Dist2Heaven ......................
	----- PERFORMANCES FOR ALL FFTs -----
	CLF 	PRE  	REC 	SPE 	FPR 	NPV 	ACC 	F_1 	Dist2Heaven
	FFT(0)	0.987	0.764	0.182	0.818	0.009	0.757	0.861	0.725
	FFT(1)	0.988	0.921	0.091	0.909	0.014	0.911	0.953	0.833
	FFT(2)	0.998	0.677	0.909	0.091	0.033	0.680	0.807	0.113
	FFT(3)	0.999	0.791	0.909	0.091	0.051	0.792	0.883	0.052
	FFT(4)	0.998	0.655	0.909	0.091	0.031	0.658	0.791	0.127
	FFT(5)	0.998	0.658	0.909	0.091	0.032	0.661	0.793	0.125
	FFT(6)	0.998	0.617	0.909	0.091	0.028	0.620	0.763	0.155
	FFT(7)	0.998	0.598	0.909	0.091	0.027	0.602	0.748	0.170
	The best tree found is: FFT(3)
	| wmc > 6.0	--> 'Bug!'       	False Alarm: 1, Hit: 413
	| 	| wmc > 3.0	--> 'Bug!'    	False Alarm: 0, Hit: 195
	| 	| 	| amc < 11.33333333	--> 'Good'	Correct Rej: 8, Miss: 125
	| 	| 	| 	| loc < 104.0	--> 'Good'	Correct Rej: 2, Miss: 63
	| 	| 	| 	| loc < 104.0	--> 'Bug!'	False Alarm: 0, Hit: 102
	----- CONFUSION MATRIX -----
	TP	FP	TN	FN
	710	1	10	188
	----- PERFORMANCES ON TEST DATA -----
	CLF 	PRE  	REC 	SPE 	FPR 	NPV 	ACC 	F_1 	Dist2Heaven
	FFT(3)	0.999	0.791	0.909	0.091	0.051	0.792	0.883	0.052
	SL    	1.000	0.218	1.000	0.000	0.015	0.228	0.358	0.612
	NB    	1.000	0.216	1.000	0.000	0.015	0.226	0.355	0.615
	EM    	0.982	0.609	0.091	0.909	0.003	0.603	0.752	0.979
	SMO    	1.000	0.040	1.000	0.000	0.013	0.052	0.077	0.922
  ...................... Gini ......................
	----- PERFORMANCES FOR ALL FFTs -----
	CLF 	PRE  	REC 	SPE 	FPR 	NPV 	ACC 	F_1 	Gini
	FFT(0)	0.998	0.552	0.909	0.091	0.024	0.557	0.711	-0.949
	FFT(1)	0.988	1.000	0.000	1.000	0.000	0.988	0.994	-0.976
	FFT(2)	0.998	0.552	0.909	0.091	0.024	0.557	0.711	-0.949
	FFT(3)	0.988	1.000	0.000	1.000	0.000	0.988	0.994	-0.976
	FFT(4)	0.998	0.552	0.909	0.091	0.024	0.557	0.711	-0.949
	FFT(5)	0.988	1.000	0.000	1.000	0.000	0.988	0.994	-0.976
	FFT(6)	0.998	0.552	0.909	0.091	0.024	0.557	0.711	-0.949
	FFT(7)	0.988	1.000	0.000	1.000	0.000	0.988	0.994	-0.976
	The best tree found is: FFT(1)
	| loc > 141.0	--> 'Bug!'     	False Alarm: 1, Hit: 496
	| 	| noc < 0.0	--> 'Bug!'    	False Alarm: 0, Hit: 0
	| 	| 	| noc < 0.0	--> 'Bug!' 	False Alarm: 0, Hit: 0
	| 	| 	| 	| noc < 0.0	--> 'Good'	Correct Rej: 0, Miss: 0
	| 	| 	| 	| noc < 0.0	--> 'Bug!'	False Alarm: 10, Hit: 402
	----- CONFUSION MATRIX -----
	TP	FP	TN	FN
	898	11	0	0
	----- PERFORMANCES ON TEST DATA -----
	CLF 	PRE  	REC 	SPE 	FPR 	NPV 	ACC 	F_1 	Dist2Heaven
	FFT(1)	0.988	1.000	0.000	1.000	0.000	0.988	0.994	1.000
	SL    	1.000	0.218	1.000	0.000	0.015	0.228	0.358	0.612
	NB    	1.000	0.216	1.000	0.000	0.015	0.226	0.355	0.615
	EM    	0.982	0.609	0.091	0.909	0.003	0.603	0.752	0.979
	SMO    	1.000	0.040	1.000	0.000	0.013	0.052	0.077	0.922
  ...................... InfoGain ......................
	----- PERFORMANCES FOR ALL FFTs -----
	CLF 	PRE  	REC 	SPE 	FPR 	NPV 	ACC 	F_1 	InfoGain
	FFT(0)	0.983	0.709	0.000	1.000	0.000	0.701	0.824	0.007
	FFT(1)	0.988	1.000	0.000	1.000	0.000	0.988	0.994	-0.00
	FFT(2)	0.983	0.709	0.000	1.000	0.000	0.701	0.824	0.007
	FFT(3)	0.988	1.000	0.000	1.000	0.000	0.988	0.994	-0.00
	FFT(4)	0.983	0.709	0.000	1.000	0.000	0.701	0.824	0.007
	FFT(5)	0.988	1.000	0.000	1.000	0.000	0.988	0.994	-0.00
	FFT(6)	0.983	0.709	0.000	1.000	0.000	0.701	0.824	0.007
	FFT(7)	0.988	1.000	0.000	1.000	0.000	0.988	0.994	-0.00
	The best tree found is: FFT(1)
	| loc < 141.0	--> 'Bug!'     	False Alarm: 10, Hit: 401
	| 	| noc < 0.0	--> 'Bug!'    	False Alarm: 0, Hit: 0
	| 	| 	| noc < 0.0	--> 'Bug!' 	False Alarm: 0, Hit: 0
	| 	| 	| 	| noc < 0.0	--> 'Good'	Correct Rej: 0, Miss: 0
	| 	| 	| 	| noc < 0.0	--> 'Bug!'	False Alarm: 1, Hit: 497
	----- CONFUSION MATRIX -----
	TP	FP	TN	FN
	898	11	0	0
	----- PERFORMANCES ON TEST DATA -----
	CLF 	PRE  	REC 	SPE 	FPR 	NPV 	ACC 	F_1 	Dist2Heaven
	FFT(1)	0.988	1.000	0.000	1.000	0.000	0.988	0.994	1.000
	SL    	1.000	0.218	1.000	0.000	0.015	0.228	0.358	0.612
	NB    	1.000	0.216	1.000	0.000	0.015	0.226	0.355	0.615
	EM    	0.982	0.609	0.091	0.909	0.003	0.603	0.752	0.979
	SMO    	1.000	0.040	1.000	0.000	0.013	0.052	0.077	0.922

~~~~~~~~~~~~~~~~~~~~~~~~~~~~~~~~~~~~~~~~~~~~~~~~
@ivy
training on: ivy-1.1.csv, ivy-1.4.csv
testing on: ivy-2.0.csv
  ...................... Accuracy ......................
	----- PERFORMANCES FOR ALL FFTs -----
	CLF 	PRE  	REC 	SPE 	FPR 	NPV 	ACC 	F_1 	Accuracy
	FFT(0)	0.197	0.875	0.542	0.458	0.971	0.580	0.321	-0.58
	FFT(1)	0.132	0.900	0.244	0.756	0.950	0.318	0.231	-0.318
	FFT(2)	0.197	0.875	0.542	0.458	0.971	0.580	0.321	-0.58
	FFT(3)	0.159	0.900	0.388	0.612	0.968	0.446	0.270	-0.446
	FFT(4)	0.197	0.875	0.542	0.458	0.971	0.580	0.321	-0.58
	FFT(5)	0.159	0.900	0.388	0.612	0.968	0.446	0.270	-0.446
	FFT(6)	0.197	0.875	0.542	0.458	0.971	0.580	0.321	-0.58
	FFT(7)	0.178	0.900	0.468	0.532	0.973	0.517	0.298	-0.517
	The best tree found is: FFT(0)
	| cam < 0.4541666665	--> 'Bug!'	False Alarm: 143, Hit: 35
	| 	| dit < 1.0	--> 'Bug!'    	False Alarm: 0, Hit: 0
	| 	| 	| dit < 1.0	--> 'Bug!' 	False Alarm: 0, Hit: 0
	| 	| 	| 	| dit < 1.0	--> 'Bug!'	False Alarm: 0, Hit: 0
	| 	| 	| 	| dit < 1.0	--> 'Good'	Correct Rej: 169, Miss: 5
	----- CONFUSION MATRIX -----
	TP	FP	TN	FN
	35	143	169	5
	----- PERFORMANCES ON TEST DATA -----
	CLF 	PRE  	REC 	SPE 	FPR 	NPV 	ACC 	F_1 	Dist2Heaven
	FFT(0)	0.197	0.875	0.542	0.458	0.971	0.580	0.321	0.225
	SL    	0.387	0.300	0.939	0.061	0.913	0.866	0.338	0.494
	NB    	0.310	0.450	0.872	0.128	0.925	0.824	0.367	0.319
	EM    	0.000	0.000	1.000	0.000	0.886	0.886	0.000	1.000
	SMO    	0.224	0.425	0.811	0.189	0.917	0.767	0.293	0.366
  ...................... Dist2Heaven ......................
	----- PERFORMANCES FOR ALL FFTs -----
	CLF 	PRE  	REC 	SPE 	FPR 	NPV 	ACC 	F_1 	Dist2Heaven
	FFT(0)	0.159	1.000	0.324	0.676	1.000	0.401	0.275	0.457
	FFT(1)	0.136	1.000	0.183	0.817	1.000	0.276	0.239	0.667
	FFT(2)	0.176	0.975	0.417	0.583	0.992	0.480	0.299	0.341
	FFT(3)	0.160	1.000	0.327	0.673	1.000	0.403	0.276	0.453
	FFT(4)	0.185	0.925	0.478	0.522	0.980	0.528	0.308	0.278
	FFT(5)	0.185	0.925	0.478	0.522	0.980	0.528	0.308	0.278
	FFT(6)	0.207	0.900	0.558	0.442	0.978	0.597	0.336	0.205
	FFT(7)	0.203	0.900	0.548	0.452	0.977	0.588	0.332	0.214
	The best tree found is: FFT(6)
	| wmc > 7.0	--> 'Bug!'       	False Alarm: 125, Hit: 35
	| 	| amc < 6.5	--> 'Good'    	Correct Rej: 98, Miss: 2
	| 	| 	| loc < 87.5	--> 'Good'	Correct Rej: 51, Miss: 1
	| 	| 	| 	| dam < 1.0	--> 'Bug!'	False Alarm: 13, Hit: 1
	| 	| 	| 	| dam < 1.0	--> 'Good'	Correct Rej: 25, Miss: 1
	----- CONFUSION MATRIX -----
	TP	FP	TN	FN
	36	138	174	4
	----- PERFORMANCES ON TEST DATA -----
	CLF 	PRE  	REC 	SPE 	FPR 	NPV 	ACC 	F_1 	Dist2Heaven
	FFT(6)	0.207	0.900	0.558	0.442	0.978	0.597	0.336	0.205
	SL    	0.387	0.300	0.939	0.061	0.913	0.866	0.338	0.494
	NB    	0.310	0.450	0.872	0.128	0.925	0.824	0.367	0.319
	EM    	0.000	0.000	1.000	0.000	0.886	0.886	0.000	1.000
	SMO    	0.224	0.425	0.811	0.189	0.917	0.767	0.293	0.366
  ...................... Gini ......................
	----- PERFORMANCES FOR ALL FFTs -----
	CLF 	PRE  	REC 	SPE 	FPR 	NPV 	ACC 	F_1 	Gini
	FFT(0)	0.197	0.875	0.542	0.458	0.971	0.580	0.321	0.960
	FFT(1)	0.114	1.000	0.000	1.000	0.000	0.114	0.204	-0.013
	FFT(2)	0.197	0.875	0.542	0.458	0.971	0.580	0.321	0.960
	FFT(3)	0.114	1.000	0.000	1.000	0.000	0.114	0.204	-0.013
	FFT(4)	0.197	0.875	0.542	0.458	0.971	0.580	0.321	0.960
	FFT(5)	0.114	1.000	0.000	1.000	0.000	0.114	0.204	-0.013
	FFT(6)	0.197	0.875	0.542	0.458	0.971	0.580	0.321	0.960
	FFT(7)	0.114	1.000	0.000	1.000	0.000	0.114	0.204	-0.013
	The best tree found is: FFT(1)
	| cam < 0.4541666665	--> 'Bug!'	False Alarm: 143, Hit: 35
	| 	| dit < 1.0	--> 'Bug!'    	False Alarm: 0, Hit: 0
	| 	| 	| dit < 1.0	--> 'Bug!' 	False Alarm: 0, Hit: 0
	| 	| 	| 	| dit < 1.0	--> 'Good'	Correct Rej: 0, Miss: 0
	| 	| 	| 	| dit < 1.0	--> 'Bug!'	False Alarm: 169, Hit: 5
	----- CONFUSION MATRIX -----
	TP	FP	TN	FN
	40	312	0	0
	----- PERFORMANCES ON TEST DATA -----
	CLF 	PRE  	REC 	SPE 	FPR 	NPV 	ACC 	F_1 	Dist2Heaven
	FFT(1)	0.114	1.000	0.000	1.000	0.000	0.114	0.204	1.000
	SL    	0.387	0.300	0.939	0.061	0.913	0.866	0.338	0.494
	NB    	0.310	0.450	0.872	0.128	0.925	0.824	0.367	0.319
	EM    	0.000	0.000	1.000	0.000	0.886	0.886	0.000	1.000
	SMO    	0.224	0.425	0.811	0.189	0.917	0.767	0.293	0.366
  ...................... InfoGain ......................
	----- PERFORMANCES FOR ALL FFTs -----
	CLF 	PRE  	REC 	SPE 	FPR 	NPV 	ACC 	F_1 	InfoGain
	FFT(0)	0.172	0.875	0.462	0.538	0.966	0.509	0.288	-0.16
	FFT(1)	0.114	1.000	0.000	1.000	0.000	0.114	0.204	-0.316
	FFT(2)	0.172	0.875	0.462	0.538	0.966	0.509	0.288	-0.16
	FFT(3)	0.114	1.000	0.000	1.000	0.000	0.114	0.204	-0.316
	FFT(4)	0.172	0.875	0.462	0.538	0.966	0.509	0.288	-0.16
	FFT(5)	0.114	1.000	0.000	1.000	0.000	0.114	0.204	-0.316
	FFT(6)	0.172	0.875	0.462	0.538	0.966	0.509	0.288	-0.16
	FFT(7)	0.114	1.000	0.000	1.000	0.000	0.114	0.204	-0.316
	The best tree found is: FFT(1)
	| noc > 0.0	--> 'Bug!'       	False Alarm: 44, Hit: 4
	| 	| dit < 1.0	--> 'Bug!'    	False Alarm: 0, Hit: 0
	| 	| 	| dit < 1.0	--> 'Bug!' 	False Alarm: 0, Hit: 0
	| 	| 	| 	| dit < 1.0	--> 'Good'	Correct Rej: 0, Miss: 0
	| 	| 	| 	| dit < 1.0	--> 'Bug!'	False Alarm: 268, Hit: 36
	----- CONFUSION MATRIX -----
	TP	FP	TN	FN
	40	312	0	0
	----- PERFORMANCES ON TEST DATA -----
	CLF 	PRE  	REC 	SPE 	FPR 	NPV 	ACC 	F_1 	Dist2Heaven
	FFT(1)	0.114	1.000	0.000	1.000	0.000	0.114	0.204	1.000
	SL    	0.387	0.300	0.939	0.061	0.913	0.866	0.338	0.494
	NB    	0.310	0.450	0.872	0.128	0.925	0.824	0.367	0.319
	EM    	0.000	0.000	1.000	0.000	0.886	0.886	0.000	1.000
	SMO    	0.224	0.425	0.811	0.189	0.917	0.767	0.293	0.366

~~~~~~~~~~~~~~~~~~~~~~~~~~~~~~~~~~~~~~~~~~~~~~~~
@synapse
training on: synapse-1.0.csv, synapse-1.1.csv
testing on: synapse-1.2.csv
  ...................... Accuracy ......................
	----- PERFORMANCES FOR ALL FFTs -----
	CLF 	PRE  	REC 	SPE 	FPR 	NPV 	ACC 	F_1 	Accuracy
	FFT(0)	0.567	0.395	0.847	0.153	0.735	0.695	0.466	-0.695
	FFT(1)	0.431	0.802	0.465	0.535	0.823	0.578	0.561	-0.578
	FFT(2)	0.567	0.395	0.847	0.153	0.735	0.695	0.466	-0.695
	FFT(3)	0.500	0.628	0.682	0.318	0.784	0.664	0.557	-0.664
	FFT(4)	0.567	0.395	0.847	0.153	0.735	0.695	0.466	-0.695
	FFT(5)	0.500	0.628	0.682	0.318	0.784	0.664	0.557	-0.664
	FFT(6)	0.573	0.547	0.794	0.206	0.776	0.711	0.560	-0.711
	FFT(7)	0.533	0.558	0.753	0.247	0.771	0.688	0.545	-0.688
	The best tree found is: FFT(6)
	| moa > 0.0	--> 'Bug!'       	False Alarm: 26, Hit: 34
	| 	| avg_cc < 1.6	--> 'Good' 	Correct Rej: 79, Miss: 17
	| 	| 	| ce < 10.0	--> 'Good' 	Correct Rej: 25, Miss: 17
	| 	| 	| 	| cbo > 13.0	--> 'Bug!'	False Alarm: 9, Hit: 13
	| 	| 	| 	| cbo > 13.0	--> 'Good'	Correct Rej: 31, Miss: 5
	----- CONFUSION MATRIX -----
	TP	FP	TN	FN
	47	35	135	39
	----- PERFORMANCES ON TEST DATA -----
	CLF 	PRE  	REC 	SPE 	FPR 	NPV 	ACC 	F_1 	Dist2Heaven
	FFT(6)	0.573	0.547	0.794	0.206	0.776	0.711	0.560	0.248
	SL    	0.828	0.279	0.971	0.029	0.727	0.738	0.417	0.521
	NB    	0.606	0.465	0.847	0.153	0.758	0.719	0.526	0.310
	EM    	0.568	0.581	0.776	0.224	0.786	0.711	0.575	0.226
	SMO    	0.579	0.128	0.953	0.047	0.684	0.676	0.210	0.763
  ...................... Dist2Heaven ......................
	----- PERFORMANCES FOR ALL FFTs -----
	CLF 	PRE  	REC 	SPE 	FPR 	NPV 	ACC 	F_1 	Dist2Heaven
	FFT(0)	0.353	0.884	0.182	0.818	0.756	0.418	0.505	0.683
	FFT(1)	0.355	0.953	0.124	0.876	0.840	0.402	0.517	0.770
	FFT(2)	0.404	0.802	0.400	0.600	0.800	0.535	0.537	0.399
	FFT(3)	0.374	0.849	0.282	0.718	0.787	0.473	0.520	0.538
	FFT(4)	0.485	0.756	0.594	0.406	0.828	0.648	0.591	0.224
	FFT(5)	0.463	0.733	0.571	0.429	0.808	0.625	0.568	0.255
	FFT(6)	0.504	0.674	0.665	0.335	0.801	0.668	0.577	0.219
	FFT(7)	0.492	0.674	0.647	0.353	0.797	0.656	0.569	0.231
	The best tree found is: FFT(6)
	| wmc > 5.0	--> 'Bug!'       	False Alarm: 49, Hit: 56
	| 	| cbo < 9.0	--> 'Good'    	Correct Rej: 61, Miss: 11
	| 	| 	| dit > 1.0	--> 'Good' 	Correct Rej: 36, Miss: 12
	| 	| 	| 	| ce > 10.0	--> 'Bug!'	False Alarm: 8, Hit: 2
	| 	| 	| 	| ce > 10.0	--> 'Good'	Correct Rej: 16, Miss: 5
	----- CONFUSION MATRIX -----
	TP	FP	TN	FN
	58	57	113	28
	----- PERFORMANCES ON TEST DATA -----
	CLF 	PRE  	REC 	SPE 	FPR 	NPV 	ACC 	F_1 	Dist2Heaven
	FFT(6)	0.504	0.674	0.665	0.335	0.801	0.668	0.577	0.219
	SL    	0.828	0.279	0.971	0.029	0.727	0.738	0.417	0.521
	NB    	0.606	0.465	0.847	0.153	0.758	0.719	0.526	0.310
	EM    	0.568	0.581	0.776	0.224	0.786	0.711	0.575	0.226
	SMO    	0.579	0.128	0.953	0.047	0.684	0.676	0.210	0.763
  ...................... Gini ......................
	----- PERFORMANCES FOR ALL FFTs -----
	CLF 	PRE  	REC 	SPE 	FPR 	NPV 	ACC 	F_1 	Gini
	FFT(0)	0.567	0.395	0.847	0.153	0.735	0.695	0.466	0.608
	FFT(1)	0.336	1.000	0.000	1.000	0.000	0.336	0.503	-0.113
	FFT(2)	0.567	0.395	0.847	0.153	0.735	0.695	0.466	0.608
	FFT(3)	0.336	1.000	0.000	1.000	0.000	0.336	0.503	-0.113
	FFT(4)	0.567	0.395	0.847	0.153	0.735	0.695	0.466	0.608
	FFT(5)	0.336	1.000	0.000	1.000	0.000	0.336	0.503	-0.113
	FFT(6)	0.567	0.395	0.847	0.153	0.735	0.695	0.466	0.608
	FFT(7)	0.336	1.000	0.000	1.000	0.000	0.336	0.503	-0.113
	The best tree found is: FFT(1)
	| moa > 0.0	--> 'Bug!'       	False Alarm: 26, Hit: 34
	| 	| dit < 1.0	--> 'Bug!'    	False Alarm: 0, Hit: 0
	| 	| 	| dit < 1.0	--> 'Bug!' 	False Alarm: 0, Hit: 0
	| 	| 	| 	| dit < 1.0	--> 'Good'	Correct Rej: 0, Miss: 0
	| 	| 	| 	| dit < 1.0	--> 'Bug!'	False Alarm: 144, Hit: 52
	----- CONFUSION MATRIX -----
	TP	FP	TN	FN
	86	170	0	0
	----- PERFORMANCES ON TEST DATA -----
	CLF 	PRE  	REC 	SPE 	FPR 	NPV 	ACC 	F_1 	Dist2Heaven
	FFT(1)	0.336	1.000	0.000	1.000	0.000	0.336	0.503	1.000
	SL    	0.828	0.279	0.971	0.029	0.727	0.738	0.417	0.521
	NB    	0.606	0.465	0.847	0.153	0.758	0.719	0.526	0.310
	EM    	0.568	0.581	0.776	0.224	0.786	0.711	0.575	0.226
	SMO    	0.579	0.128	0.953	0.047	0.684	0.676	0.210	0.763
  ...................... InfoGain ......................
	----- PERFORMANCES FOR ALL FFTs -----
	CLF 	PRE  	REC 	SPE 	FPR 	NPV 	ACC 	F_1 	InfoGain
	FFT(0)	0.374	0.919	0.224	0.776	0.844	0.457	0.532	-0.073
	FFT(1)	0.336	1.000	0.000	1.000	0.000	0.336	0.503	-0.351
	FFT(2)	0.377	0.907	0.241	0.759	0.837	0.465	0.532	-0.067
	FFT(3)	0.336	1.000	0.000	1.000	0.000	0.336	0.503	-0.351
	FFT(4)	0.377	0.907	0.241	0.759	0.837	0.465	0.532	-0.067
	FFT(5)	0.336	1.000	0.000	1.000	0.000	0.336	0.503	-0.351
	FFT(6)	0.403	0.826	0.382	0.618	0.813	0.531	0.542	-0.051
	FFT(7)	0.336	1.000	0.000	1.000	0.000	0.336	0.503	-0.351
	The best tree found is: FFT(1)
	| lcom3 < 0.833333333	--> 'Bug!'	False Alarm: 80, Hit: 49
	| 	| wmc > 5.0	--> 'Bug!'    	False Alarm: 20, Hit: 20
	| 	| 	| noc > 0.0	--> 'Bug!' 	False Alarm: 5, Hit: 0
	| 	| 	| 	| noc > 0.0	--> 'Good'	Correct Rej: 0, Miss: 0
	| 	| 	| 	| noc > 0.0	--> 'Bug!'	False Alarm: 65, Hit: 17
	----- CONFUSION MATRIX -----
	TP	FP	TN	FN
	86	170	0	0
	----- PERFORMANCES ON TEST DATA -----
	CLF 	PRE  	REC 	SPE 	FPR 	NPV 	ACC 	F_1 	Dist2Heaven
	FFT(1)	0.336	1.000	0.000	1.000	0.000	0.336	0.503	1.000
	SL    	0.828	0.279	0.971	0.029	0.727	0.738	0.417	0.521
	NB    	0.606	0.465	0.847	0.153	0.758	0.719	0.526	0.310
	EM    	0.568	0.581	0.776	0.224	0.786	0.711	0.575	0.226
	SMO    	0.579	0.128	0.953	0.047	0.684	0.676	0.210	0.763

~~~~~~~~~~~~~~~~~~~~~~~~~~~~~~~~~~~~~~~~~~~~~~~~
@jedit
training on: jedit-3.2.csv, jedit-4.0.csv, jedit-4.1.csv, jedit-4.2.csv
testing on: jedit-4.3.csv
  ...................... Accuracy ......................
	----- PERFORMANCES FOR ALL FFTs -----
	CLF 	PRE  	REC 	SPE 	FPR 	NPV 	ACC 	F_1 	Accuracy
	FFT(0)	0.030	0.545	0.595	0.405	0.983	0.593	0.057	-0.593
	FFT(1)	0.021	0.636	0.324	0.676	0.975	0.331	0.041	-0.331
	FFT(2)	0.030	0.545	0.595	0.405	0.983	0.593	0.057	-0.593
	FFT(3)	0.026	0.636	0.445	0.555	0.982	0.449	0.049	-0.449
	FFT(4)	0.030	0.545	0.595	0.405	0.983	0.593	0.057	-0.593
	FFT(5)	0.026	0.636	0.445	0.555	0.982	0.449	0.049	-0.449
	FFT(6)	0.030	0.545	0.595	0.405	0.983	0.593	0.057	-0.593
	FFT(7)	0.030	0.636	0.532	0.468	0.985	0.535	0.058	-0.535
	The best tree found is: FFT(0)
	| moa > 0.0	--> 'Bug!'       	False Alarm: 195, Hit: 6
	| 	| noc < 0.0	--> 'Bug!'    	False Alarm: 0, Hit: 0
	| 	| 	| noc < 0.0	--> 'Bug!' 	False Alarm: 0, Hit: 0
	| 	| 	| 	| noc < 0.0	--> 'Bug!'	False Alarm: 0, Hit: 0
	| 	| 	| 	| noc < 0.0	--> 'Good'	Correct Rej: 286, Miss: 5
	----- CONFUSION MATRIX -----
	TP	FP	TN	FN
	6	195	286	5
	----- PERFORMANCES ON TEST DATA -----
	CLF 	PRE  	REC 	SPE 	FPR 	NPV 	ACC 	F_1 	Dist2Heaven
	FFT(0)	0.030	0.545	0.595	0.405	0.983	0.593	0.057	0.371
	SL    	0.068	0.455	0.857	0.143	0.986	0.848	0.118	0.317
	NB    	0.055	0.455	0.821	0.179	0.985	0.813	0.098	0.329
	EM    	0.067	0.545	0.827	0.173	0.988	0.821	0.120	0.237
	SMO    	0.047	0.364	0.832	0.168	0.983	0.821	0.083	0.433
  ...................... Dist2Heaven ......................
	----- PERFORMANCES FOR ALL FFTs -----
	CLF 	PRE  	REC 	SPE 	FPR 	NPV 	ACC 	F_1 	Dist2Heaven
	FFT(0)	0.020	0.636	0.274	0.726	0.971	0.283	0.038	0.660
	FFT(1)	0.017	0.636	0.175	0.825	0.955	0.185	0.034	0.813
	FFT(2)	0.023	0.636	0.370	0.630	0.978	0.376	0.044	0.529
	FFT(3)	0.020	0.636	0.281	0.719	0.971	0.289	0.038	0.649
	FFT(4)	0.028	0.636	0.489	0.511	0.983	0.492	0.053	0.394
	FFT(5)	0.023	0.636	0.389	0.611	0.979	0.394	0.045	0.506
	FFT(6)	0.028	0.636	0.489	0.511	0.983	0.492	0.053	0.394
	FFT(7)	0.026	0.636	0.447	0.553	0.982	0.451	0.049	0.438
	The best tree found is: FFT(4)
	| wmc > 6.0	--> 'Bug!'       	False Alarm: 246, Hit: 7
	| 	| rfc < 12.0	--> 'Good'   	Correct Rej: 130, Miss: 4
	| 	| 	| noc < 0.0	--> 'Bug!' 	False Alarm: 0, Hit: 0
	| 	| 	| 	| noc < 0.0	--> 'Bug!'	False Alarm: 0, Hit: 0
	| 	| 	| 	| noc < 0.0	--> 'Good'	Correct Rej: 105, Miss: 0
	----- CONFUSION MATRIX -----
	TP	FP	TN	FN
	7	246	235	4
	----- PERFORMANCES ON TEST DATA -----
	CLF 	PRE  	REC 	SPE 	FPR 	NPV 	ACC 	F_1 	Dist2Heaven
	FFT(4)	0.028	0.636	0.489	0.511	0.983	0.492	0.053	0.394
	SL    	0.068	0.455	0.857	0.143	0.986	0.848	0.118	0.317
	NB    	0.055	0.455	0.821	0.179	0.985	0.813	0.098	0.329
	EM    	0.067	0.545	0.827	0.173	0.988	0.821	0.120	0.237
	SMO    	0.047	0.364	0.832	0.168	0.983	0.821	0.083	0.433
  ...................... Gini ......................
	----- PERFORMANCES FOR ALL FFTs -----
	CLF 	PRE  	REC 	SPE 	FPR 	NPV 	ACC 	F_1 	Gini
	FFT(0)	0.030	0.545	0.595	0.405	0.983	0.593	0.057	0.999
	FFT(1)	0.022	1.000	0.000	1.000	0.000	0.022	0.044	-0.00
	FFT(2)	0.030	0.545	0.595	0.405	0.983	0.593	0.057	0.999
	FFT(3)	0.022	1.000	0.000	1.000	0.000	0.022	0.044	-0.00
	FFT(4)	0.030	0.545	0.595	0.405	0.983	0.593	0.057	0.999
	FFT(5)	0.022	1.000	0.000	1.000	0.000	0.022	0.044	-0.00
	FFT(6)	0.030	0.545	0.595	0.405	0.983	0.593	0.057	0.999
	FFT(7)	0.022	1.000	0.000	1.000	0.000	0.022	0.044	-0.00
	The best tree found is: FFT(1)
	| moa > 0.0	--> 'Bug!'       	False Alarm: 195, Hit: 6
	| 	| noc < 0.0	--> 'Bug!'    	False Alarm: 0, Hit: 0
	| 	| 	| noc < 0.0	--> 'Bug!' 	False Alarm: 0, Hit: 0
	| 	| 	| 	| noc < 0.0	--> 'Good'	Correct Rej: 0, Miss: 0
	| 	| 	| 	| noc < 0.0	--> 'Bug!'	False Alarm: 286, Hit: 5
	----- CONFUSION MATRIX -----
	TP	FP	TN	FN
	11	481	0	0
	----- PERFORMANCES ON TEST DATA -----
	CLF 	PRE  	REC 	SPE 	FPR 	NPV 	ACC 	F_1 	Dist2Heaven
	FFT(1)	0.022	1.000	0.000	1.000	0.000	0.022	0.044	1.000
	SL    	0.068	0.455	0.857	0.143	0.986	0.848	0.118	0.317
	NB    	0.055	0.455	0.821	0.179	0.985	0.813	0.098	0.329
	EM    	0.067	0.545	0.827	0.173	0.988	0.821	0.120	0.237
	SMO    	0.047	0.364	0.832	0.168	0.983	0.821	0.083	0.433
  ...................... InfoGain ......................
	----- PERFORMANCES FOR ALL FFTs -----
	CLF 	PRE  	REC 	SPE 	FPR 	NPV 	ACC 	F_1 	InfoGain
	FFT(0)	0.025	1.000	0.106	0.894	1.000	0.126	0.049	-0.12
	FFT(1)	0.022	1.000	0.000	1.000	0.000	0.022	0.044	-0.12
	FFT(2)	0.019	0.636	0.266	0.734	0.970	0.274	0.038	0.028
	FFT(3)	0.022	1.000	0.000	1.000	0.000	0.022	0.044	-0.12
	FFT(4)	0.019	0.636	0.266	0.734	0.970	0.274	0.038	0.028
	FFT(5)	0.022	1.000	0.000	1.000	0.000	0.022	0.044	-0.12
	FFT(6)	0.020	0.636	0.297	0.703	0.973	0.305	0.039	0.017
	FFT(7)	0.022	1.000	0.000	1.000	0.000	0.022	0.044	-0.12
	The best tree found is: FFT(0)
	| lcom3 < 0.818181818	--> 'Bug!'	False Alarm: 224, Hit: 4
	| 	| noc > 0.0	--> 'Bug!'    	False Alarm: 34, Hit: 1
	| 	| 	| dit < 2.0	--> 'Bug!' 	False Alarm: 122, Hit: 4
	| 	| 	| 	| rfc > 17.0	--> 'Bug!'	False Alarm: 50, Hit: 2
	| 	| 	| 	| rfc > 17.0	--> 'Good'	Correct Rej: 51, Miss: 0
	----- CONFUSION MATRIX -----
	TP	FP	TN	FN
	11	430	51	0
	----- PERFORMANCES ON TEST DATA -----
	CLF 	PRE  	REC 	SPE 	FPR 	NPV 	ACC 	F_1 	Dist2Heaven
	FFT(0)	0.025	1.000	0.106	0.894	1.000	0.126	0.049	0.799
	SL    	0.068	0.455	0.857	0.143	0.986	0.848	0.118	0.317
	NB    	0.055	0.455	0.821	0.179	0.985	0.813	0.098	0.329
	EM    	0.067	0.545	0.827	0.173	0.988	0.821	0.120	0.237
	SMO    	0.047	0.364	0.832	0.168	0.983	0.821	0.083	0.433
